{"C:\\xampp\\htdocs\\More-Recipes\\server\\test\\test.js":{"path":"C:\\xampp\\htdocs\\More-Recipes\\server\\test\\test.js","statementMap":{"0":{"start":{"line":3,"column":16},"end":{"line":3,"column":36}},"1":{"start":{"line":5,"column":17},"end":{"line":5,"column":50}},"2":{"start":{"line":7,"column":12},"end":{"line":7,"column":27}},"3":{"start":{"line":9,"column":13},"end":{"line":9,"column":42}},"4":{"start":{"line":11,"column":20},"end":{"line":11,"column":43}},"5":{"start":{"line":13,"column":21},"end":{"line":13,"column":58}},"6":{"start":{"line":15,"column":11},"end":{"line":15,"column":28}},"7":{"start":{"line":17,"column":12},"end":{"line":17,"column":40}},"8":{"start":{"line":19,"column":39},"end":{"line":19,"column":93}},"9":{"start":{"line":21,"column":0},"end":{"line":21,"column":30}},"10":{"start":{"line":23,"column":13},"end":{"line":23,"column":34}},"11":{"start":{"line":25,"column":0},"end":{"line":25,"column":39}},"12":{"start":{"line":27,"column":17},"end":{"line":27,"column":39}},"13":{"start":{"line":28,"column":17},"end":{"line":28,"column":39}},"14":{"start":{"line":29,"column":11},"end":{"line":29,"column":13}},"15":{"start":{"line":30,"column":11},"end":{"line":30,"column":13}},"16":{"start":{"line":31,"column":16},"end":{"line":31,"column":22}},"17":{"start":{"line":33,"column":0},"end":{"line":226,"column":3}},"18":{"start":{"line":34,"column":2},"end":{"line":47,"column":5}},"19":{"start":{"line":35,"column":4},"end":{"line":40,"column":7}},"20":{"start":{"line":36,"column":6},"end":{"line":39,"column":9}},"21":{"start":{"line":37,"column":8},"end":{"line":37,"column":40}},"22":{"start":{"line":38,"column":8},"end":{"line":38,"column":15}},"23":{"start":{"line":41,"column":4},"end":{"line":46,"column":7}},"24":{"start":{"line":42,"column":6},"end":{"line":45,"column":9}},"25":{"start":{"line":43,"column":8},"end":{"line":43,"column":40}},"26":{"start":{"line":44,"column":8},"end":{"line":44,"column":15}},"27":{"start":{"line":48,"column":2},"end":{"line":88,"column":5}},"28":{"start":{"line":49,"column":4},"end":{"line":55,"column":7}},"29":{"start":{"line":50,"column":6},"end":{"line":54,"column":8}},"30":{"start":{"line":56,"column":4},"end":{"line":60,"column":7}},"31":{"start":{"line":57,"column":6},"end":{"line":59,"column":9}},"32":{"start":{"line":58,"column":8},"end":{"line":58,"column":41}},"33":{"start":{"line":61,"column":4},"end":{"line":66,"column":7}},"34":{"start":{"line":62,"column":21},"end":{"line":62,"column":44}},"35":{"start":{"line":63,"column":6},"end":{"line":65,"column":9}},"36":{"start":{"line":64,"column":8},"end":{"line":64,"column":41}},"37":{"start":{"line":67,"column":4},"end":{"line":73,"column":7}},"38":{"start":{"line":68,"column":20},"end":{"line":68,"column":43}},"39":{"start":{"line":69,"column":6},"end":{"line":69,"column":27}},"40":{"start":{"line":70,"column":6},"end":{"line":72,"column":9}},"41":{"start":{"line":71,"column":8},"end":{"line":71,"column":41}},"42":{"start":{"line":74,"column":4},"end":{"line":80,"column":7}},"43":{"start":{"line":75,"column":23},"end":{"line":75,"column":46}},"44":{"start":{"line":76,"column":6},"end":{"line":76,"column":33}},"45":{"start":{"line":77,"column":6},"end":{"line":79,"column":9}},"46":{"start":{"line":78,"column":8},"end":{"line":78,"column":41}},"47":{"start":{"line":81,"column":4},"end":{"line":87,"column":7}},"48":{"start":{"line":82,"column":23},"end":{"line":82,"column":46}},"49":{"start":{"line":83,"column":6},"end":{"line":83,"column":33}},"50":{"start":{"line":84,"column":6},"end":{"line":86,"column":9}},"51":{"start":{"line":85,"column":8},"end":{"line":85,"column":41}},"52":{"start":{"line":89,"column":2},"end":{"line":130,"column":5}},"53":{"start":{"line":90,"column":4},"end":{"line":95,"column":7}},"54":{"start":{"line":91,"column":6},"end":{"line":94,"column":8}},"55":{"start":{"line":96,"column":4},"end":{"line":101,"column":7}},"56":{"start":{"line":97,"column":6},"end":{"line":100,"column":9}},"57":{"start":{"line":98,"column":8},"end":{"line":98,"column":35}},"58":{"start":{"line":99,"column":8},"end":{"line":99,"column":41}},"59":{"start":{"line":102,"column":4},"end":{"line":108,"column":7}},"60":{"start":{"line":103,"column":20},"end":{"line":103,"column":43}},"61":{"start":{"line":104,"column":6},"end":{"line":104,"column":27}},"62":{"start":{"line":105,"column":6},"end":{"line":107,"column":9}},"63":{"start":{"line":106,"column":8},"end":{"line":106,"column":41}},"64":{"start":{"line":109,"column":4},"end":{"line":115,"column":7}},"65":{"start":{"line":110,"column":23},"end":{"line":110,"column":46}},"66":{"start":{"line":111,"column":6},"end":{"line":111,"column":33}},"67":{"start":{"line":112,"column":6},"end":{"line":114,"column":9}},"68":{"start":{"line":113,"column":8},"end":{"line":113,"column":41}},"69":{"start":{"line":116,"column":4},"end":{"line":122,"column":7}},"70":{"start":{"line":117,"column":26},"end":{"line":117,"column":49}},"71":{"start":{"line":118,"column":6},"end":{"line":118,"column":51}},"72":{"start":{"line":119,"column":6},"end":{"line":121,"column":9}},"73":{"start":{"line":120,"column":8},"end":{"line":120,"column":41}},"74":{"start":{"line":123,"column":4},"end":{"line":129,"column":7}},"75":{"start":{"line":124,"column":23},"end":{"line":124,"column":46}},"76":{"start":{"line":125,"column":6},"end":{"line":125,"column":52}},"77":{"start":{"line":126,"column":6},"end":{"line":128,"column":9}},"78":{"start":{"line":127,"column":8},"end":{"line":127,"column":41}},"79":{"start":{"line":131,"column":2},"end":{"line":169,"column":5}},"80":{"start":{"line":132,"column":4},"end":{"line":140,"column":7}},"81":{"start":{"line":133,"column":6},"end":{"line":139,"column":8}},"82":{"start":{"line":141,"column":4},"end":{"line":145,"column":7}},"83":{"start":{"line":142,"column":6},"end":{"line":144,"column":9}},"84":{"start":{"line":143,"column":8},"end":{"line":143,"column":41}},"85":{"start":{"line":146,"column":4},"end":{"line":152,"column":7}},"86":{"start":{"line":147,"column":19},"end":{"line":147,"column":42}},"87":{"start":{"line":148,"column":6},"end":{"line":148,"column":25}},"88":{"start":{"line":149,"column":6},"end":{"line":151,"column":9}},"89":{"start":{"line":150,"column":8},"end":{"line":150,"column":41}},"90":{"start":{"line":153,"column":4},"end":{"line":160,"column":7}},"91":{"start":{"line":154,"column":26},"end":{"line":154,"column":49}},"92":{"start":{"line":155,"column":6},"end":{"line":155,"column":39}},"93":{"start":{"line":156,"column":6},"end":{"line":159,"column":9}},"94":{"start":{"line":157,"column":8},"end":{"line":157,"column":35}},"95":{"start":{"line":158,"column":8},"end":{"line":158,"column":41}},"96":{"start":{"line":161,"column":4},"end":{"line":168,"column":7}},"97":{"start":{"line":162,"column":25},"end":{"line":162,"column":48}},"98":{"start":{"line":163,"column":6},"end":{"line":163,"column":38}},"99":{"start":{"line":164,"column":6},"end":{"line":167,"column":9}},"100":{"start":{"line":165,"column":8},"end":{"line":165,"column":35}},"101":{"start":{"line":166,"column":8},"end":{"line":166,"column":41}},"102":{"start":{"line":170,"column":2},"end":{"line":183,"column":5}},"103":{"start":{"line":171,"column":4},"end":{"line":176,"column":7}},"104":{"start":{"line":172,"column":6},"end":{"line":175,"column":9}},"105":{"start":{"line":173,"column":8},"end":{"line":173,"column":40}},"106":{"start":{"line":174,"column":8},"end":{"line":174,"column":15}},"107":{"start":{"line":177,"column":4},"end":{"line":182,"column":7}},"108":{"start":{"line":178,"column":6},"end":{"line":181,"column":9}},"109":{"start":{"line":179,"column":8},"end":{"line":179,"column":40}},"110":{"start":{"line":180,"column":8},"end":{"line":180,"column":15}},"111":{"start":{"line":184,"column":2},"end":{"line":195,"column":5}},"112":{"start":{"line":185,"column":4},"end":{"line":194,"column":7}},"113":{"start":{"line":186,"column":6},"end":{"line":193,"column":9}},"114":{"start":{"line":191,"column":8},"end":{"line":191,"column":41}},"115":{"start":{"line":192,"column":8},"end":{"line":192,"column":15}},"116":{"start":{"line":196,"column":2},"end":{"line":209,"column":5}},"117":{"start":{"line":197,"column":4},"end":{"line":202,"column":7}},"118":{"start":{"line":198,"column":6},"end":{"line":201,"column":9}},"119":{"start":{"line":199,"column":8},"end":{"line":199,"column":35}},"120":{"start":{"line":200,"column":8},"end":{"line":200,"column":15}},"121":{"start":{"line":203,"column":4},"end":{"line":208,"column":7}},"122":{"start":{"line":204,"column":6},"end":{"line":207,"column":9}},"123":{"start":{"line":205,"column":8},"end":{"line":205,"column":45}},"124":{"start":{"line":206,"column":8},"end":{"line":206,"column":15}},"125":{"start":{"line":210,"column":2},"end":{"line":217,"column":5}},"126":{"start":{"line":211,"column":4},"end":{"line":216,"column":7}},"127":{"start":{"line":212,"column":6},"end":{"line":215,"column":9}},"128":{"start":{"line":213,"column":8},"end":{"line":213,"column":41}},"129":{"start":{"line":214,"column":8},"end":{"line":214,"column":15}},"130":{"start":{"line":218,"column":2},"end":{"line":225,"column":5}},"131":{"start":{"line":219,"column":4},"end":{"line":224,"column":7}},"132":{"start":{"line":220,"column":6},"end":{"line":223,"column":9}},"133":{"start":{"line":221,"column":8},"end":{"line":221,"column":41}},"134":{"start":{"line":222,"column":8},"end":{"line":222,"column":15}}},"fnMap":{"0":{"name":"_interopRequireDefault","decl":{"start":{"line":19,"column":9},"end":{"line":19,"column":31}},"loc":{"start":{"line":19,"column":37},"end":{"line":19,"column":95}},"line":19},"1":{"name":"(anonymous_1)","decl":{"start":{"line":33,"column":34},"end":{"line":33,"column":35}},"loc":{"start":{"line":33,"column":46},"end":{"line":226,"column":1}},"line":33},"2":{"name":"(anonymous_2)","decl":{"start":{"line":34,"column":20},"end":{"line":34,"column":21}},"loc":{"start":{"line":34,"column":32},"end":{"line":47,"column":3}},"line":34},"3":{"name":"(anonymous_3)","decl":{"start":{"line":35,"column":28},"end":{"line":35,"column":29}},"loc":{"start":{"line":35,"column":44},"end":{"line":40,"column":5}},"line":35},"4":{"name":"(anonymous_4)","decl":{"start":{"line":36,"column":57},"end":{"line":36,"column":58}},"loc":{"start":{"line":36,"column":77},"end":{"line":39,"column":7}},"line":36},"5":{"name":"(anonymous_5)","decl":{"start":{"line":41,"column":47},"end":{"line":41,"column":48}},"loc":{"start":{"line":41,"column":63},"end":{"line":46,"column":5}},"line":41},"6":{"name":"(anonymous_6)","decl":{"start":{"line":42,"column":80},"end":{"line":42,"column":81}},"loc":{"start":{"line":42,"column":100},"end":{"line":45,"column":7}},"line":42},"7":{"name":"(anonymous_7)","decl":{"start":{"line":48,"column":33},"end":{"line":48,"column":34}},"loc":{"start":{"line":48,"column":45},"end":{"line":88,"column":3}},"line":48},"8":{"name":"(anonymous_8)","decl":{"start":{"line":49,"column":15},"end":{"line":49,"column":16}},"loc":{"start":{"line":49,"column":27},"end":{"line":55,"column":5}},"line":49},"9":{"name":"(anonymous_9)","decl":{"start":{"line":56,"column":59},"end":{"line":56,"column":60}},"loc":{"start":{"line":56,"column":71},"end":{"line":60,"column":5}},"line":56},"10":{"name":"(anonymous_10)","decl":{"start":{"line":57,"column":76},"end":{"line":57,"column":77}},"loc":{"start":{"line":57,"column":96},"end":{"line":59,"column":7}},"line":57},"11":{"name":"(anonymous_11)","decl":{"start":{"line":61,"column":59},"end":{"line":61,"column":60}},"loc":{"start":{"line":61,"column":71},"end":{"line":66,"column":5}},"line":61},"12":{"name":"(anonymous_12)","decl":{"start":{"line":63,"column":80},"end":{"line":63,"column":81}},"loc":{"start":{"line":63,"column":100},"end":{"line":65,"column":7}},"line":63},"13":{"name":"(anonymous_13)","decl":{"start":{"line":67,"column":51},"end":{"line":67,"column":52}},"loc":{"start":{"line":67,"column":63},"end":{"line":73,"column":5}},"line":67},"14":{"name":"(anonymous_14)","decl":{"start":{"line":70,"column":79},"end":{"line":70,"column":80}},"loc":{"start":{"line":70,"column":99},"end":{"line":72,"column":7}},"line":70},"15":{"name":"(anonymous_15)","decl":{"start":{"line":74,"column":55},"end":{"line":74,"column":56}},"loc":{"start":{"line":74,"column":67},"end":{"line":80,"column":5}},"line":74},"16":{"name":"(anonymous_16)","decl":{"start":{"line":77,"column":82},"end":{"line":77,"column":83}},"loc":{"start":{"line":77,"column":102},"end":{"line":79,"column":7}},"line":77},"17":{"name":"(anonymous_17)","decl":{"start":{"line":81,"column":56},"end":{"line":81,"column":57}},"loc":{"start":{"line":81,"column":68},"end":{"line":87,"column":5}},"line":81},"18":{"name":"(anonymous_18)","decl":{"start":{"line":84,"column":82},"end":{"line":84,"column":83}},"loc":{"start":{"line":84,"column":102},"end":{"line":86,"column":7}},"line":84},"19":{"name":"(anonymous_19)","decl":{"start":{"line":89,"column":27},"end":{"line":89,"column":28}},"loc":{"start":{"line":89,"column":39},"end":{"line":130,"column":3}},"line":89},"20":{"name":"(anonymous_20)","decl":{"start":{"line":90,"column":15},"end":{"line":90,"column":16}},"loc":{"start":{"line":90,"column":27},"end":{"line":95,"column":5}},"line":90},"21":{"name":"(anonymous_21)","decl":{"start":{"line":96,"column":51},"end":{"line":96,"column":52}},"loc":{"start":{"line":96,"column":63},"end":{"line":101,"column":5}},"line":96},"22":{"name":"(anonymous_22)","decl":{"start":{"line":97,"column":76},"end":{"line":97,"column":77}},"loc":{"start":{"line":97,"column":96},"end":{"line":100,"column":7}},"line":97},"23":{"name":"(anonymous_23)","decl":{"start":{"line":102,"column":63},"end":{"line":102,"column":64}},"loc":{"start":{"line":102,"column":75},"end":{"line":108,"column":5}},"line":102},"24":{"name":"(anonymous_24)","decl":{"start":{"line":105,"column":79},"end":{"line":105,"column":80}},"loc":{"start":{"line":105,"column":99},"end":{"line":107,"column":7}},"line":105},"25":{"name":"(anonymous_25)","decl":{"start":{"line":109,"column":66},"end":{"line":109,"column":67}},"loc":{"start":{"line":109,"column":78},"end":{"line":115,"column":5}},"line":109},"26":{"name":"(anonymous_26)","decl":{"start":{"line":112,"column":82},"end":{"line":112,"column":83}},"loc":{"start":{"line":112,"column":102},"end":{"line":114,"column":7}},"line":112},"27":{"name":"(anonymous_27)","decl":{"start":{"line":116,"column":49},"end":{"line":116,"column":50}},"loc":{"start":{"line":116,"column":61},"end":{"line":122,"column":5}},"line":116},"28":{"name":"(anonymous_28)","decl":{"start":{"line":119,"column":85},"end":{"line":119,"column":86}},"loc":{"start":{"line":119,"column":105},"end":{"line":121,"column":7}},"line":119},"29":{"name":"(anonymous_29)","decl":{"start":{"line":123,"column":59},"end":{"line":123,"column":60}},"loc":{"start":{"line":123,"column":71},"end":{"line":129,"column":5}},"line":123},"30":{"name":"(anonymous_30)","decl":{"start":{"line":126,"column":82},"end":{"line":126,"column":83}},"loc":{"start":{"line":126,"column":102},"end":{"line":128,"column":7}},"line":126},"31":{"name":"(anonymous_31)","decl":{"start":{"line":131,"column":25},"end":{"line":131,"column":26}},"loc":{"start":{"line":131,"column":37},"end":{"line":169,"column":3}},"line":131},"32":{"name":"(anonymous_32)","decl":{"start":{"line":132,"column":15},"end":{"line":132,"column":16}},"loc":{"start":{"line":132,"column":27},"end":{"line":140,"column":5}},"line":132},"33":{"name":"(anonymous_33)","decl":{"start":{"line":141,"column":75},"end":{"line":141,"column":76}},"loc":{"start":{"line":141,"column":87},"end":{"line":145,"column":5}},"line":141},"34":{"name":"(anonymous_34)","decl":{"start":{"line":142,"column":83},"end":{"line":142,"column":84}},"loc":{"start":{"line":142,"column":103},"end":{"line":144,"column":7}},"line":142},"35":{"name":"(anonymous_35)","decl":{"start":{"line":146,"column":59},"end":{"line":146,"column":60}},"loc":{"start":{"line":146,"column":71},"end":{"line":152,"column":5}},"line":146},"36":{"name":"(anonymous_36)","decl":{"start":{"line":149,"column":85},"end":{"line":149,"column":86}},"loc":{"start":{"line":149,"column":105},"end":{"line":151,"column":7}},"line":149},"37":{"name":"(anonymous_37)","decl":{"start":{"line":153,"column":58},"end":{"line":153,"column":59}},"loc":{"start":{"line":153,"column":70},"end":{"line":160,"column":5}},"line":153},"38":{"name":"(anonymous_38)","decl":{"start":{"line":156,"column":92},"end":{"line":156,"column":93}},"loc":{"start":{"line":156,"column":112},"end":{"line":159,"column":7}},"line":156},"39":{"name":"(anonymous_39)","decl":{"start":{"line":161,"column":60},"end":{"line":161,"column":61}},"loc":{"start":{"line":161,"column":72},"end":{"line":168,"column":5}},"line":161},"40":{"name":"(anonymous_40)","decl":{"start":{"line":164,"column":91},"end":{"line":164,"column":92}},"loc":{"start":{"line":164,"column":111},"end":{"line":167,"column":7}},"line":164},"41":{"name":"(anonymous_41)","decl":{"start":{"line":170,"column":37},"end":{"line":170,"column":38}},"loc":{"start":{"line":170,"column":49},"end":{"line":183,"column":3}},"line":170},"42":{"name":"(anonymous_42)","decl":{"start":{"line":171,"column":28},"end":{"line":171,"column":29}},"loc":{"start":{"line":171,"column":44},"end":{"line":176,"column":5}},"line":171},"43":{"name":"(anonymous_43)","decl":{"start":{"line":172,"column":71},"end":{"line":172,"column":72}},"loc":{"start":{"line":172,"column":91},"end":{"line":175,"column":7}},"line":172},"44":{"name":"(anonymous_44)","decl":{"start":{"line":177,"column":47},"end":{"line":177,"column":48}},"loc":{"start":{"line":177,"column":63},"end":{"line":182,"column":5}},"line":177},"45":{"name":"(anonymous_45)","decl":{"start":{"line":178,"column":89},"end":{"line":178,"column":90}},"loc":{"start":{"line":178,"column":109},"end":{"line":181,"column":7}},"line":178},"46":{"name":"(anonymous_46)","decl":{"start":{"line":184,"column":35},"end":{"line":184,"column":36}},"loc":{"start":{"line":184,"column":47},"end":{"line":195,"column":3}},"line":184},"47":{"name":"(anonymous_47)","decl":{"start":{"line":185,"column":45},"end":{"line":185,"column":46}},"loc":{"start":{"line":185,"column":61},"end":{"line":194,"column":5}},"line":185},"48":{"name":"(anonymous_48)","decl":{"start":{"line":190,"column":13},"end":{"line":190,"column":14}},"loc":{"start":{"line":190,"column":33},"end":{"line":193,"column":7}},"line":190},"49":{"name":"(anonymous_49)","decl":{"start":{"line":196,"column":29},"end":{"line":196,"column":30}},"loc":{"start":{"line":196,"column":41},"end":{"line":209,"column":3}},"line":196},"50":{"name":"(anonymous_50)","decl":{"start":{"line":197,"column":11},"end":{"line":197,"column":12}},"loc":{"start":{"line":197,"column":27},"end":{"line":202,"column":5}},"line":197},"51":{"name":"(anonymous_51)","decl":{"start":{"line":198,"column":129},"end":{"line":198,"column":130}},"loc":{"start":{"line":198,"column":149},"end":{"line":201,"column":7}},"line":198},"52":{"name":"(anonymous_52)","decl":{"start":{"line":203,"column":59},"end":{"line":203,"column":60}},"loc":{"start":{"line":203,"column":75},"end":{"line":208,"column":5}},"line":203},"53":{"name":"(anonymous_53)","decl":{"start":{"line":204,"column":333},"end":{"line":204,"column":334}},"loc":{"start":{"line":204,"column":353},"end":{"line":207,"column":7}},"line":204},"54":{"name":"(anonymous_54)","decl":{"start":{"line":210,"column":30},"end":{"line":210,"column":31}},"loc":{"start":{"line":210,"column":42},"end":{"line":217,"column":3}},"line":210},"55":{"name":"(anonymous_55)","decl":{"start":{"line":211,"column":58},"end":{"line":211,"column":59}},"loc":{"start":{"line":211,"column":74},"end":{"line":216,"column":5}},"line":211},"56":{"name":"(anonymous_56)","decl":{"start":{"line":212,"column":340},"end":{"line":212,"column":341}},"loc":{"start":{"line":212,"column":360},"end":{"line":215,"column":7}},"line":212},"57":{"name":"(anonymous_57)","decl":{"start":{"line":218,"column":31},"end":{"line":218,"column":32}},"loc":{"start":{"line":218,"column":43},"end":{"line":225,"column":3}},"line":218},"58":{"name":"(anonymous_58)","decl":{"start":{"line":219,"column":55},"end":{"line":219,"column":56}},"loc":{"start":{"line":219,"column":71},"end":{"line":224,"column":5}},"line":219},"59":{"name":"(anonymous_59)","decl":{"start":{"line":220,"column":384},"end":{"line":220,"column":385}},"loc":{"start":{"line":220,"column":404},"end":{"line":223,"column":7}},"line":220}},"branchMap":{"0":{"loc":{"start":{"line":19,"column":46},"end":{"line":19,"column":92}},"type":"cond-expr","locations":[{"start":{"line":19,"column":70},"end":{"line":19,"column":73}},{"start":{"line":19,"column":76},"end":{"line":19,"column":92}}],"line":19},"1":{"loc":{"start":{"line":19,"column":46},"end":{"line":19,"column":67}},"type":"binary-expr","locations":[{"start":{"line":19,"column":46},"end":{"line":19,"column":49}},{"start":{"line":19,"column":53},"end":{"line":19,"column":67}}],"line":19}},"s":{"0":1,"1":1,"2":1,"3":1,"4":1,"5":1,"6":1,"7":1,"8":4,"9":1,"10":1,"11":1,"12":1,"13":1,"14":1,"15":1,"16":1,"17":1,"18":1,"19":1,"20":1,"21":1,"22":1,"23":1,"24":1,"25":1,"26":1,"27":1,"28":1,"29":5,"30":1,"31":1,"32":1,"33":1,"34":1,"35":1,"36":1,"37":1,"38":1,"39":1,"40":1,"41":1,"42":1,"43":1,"44":1,"45":1,"46":1,"47":1,"48":1,"49":1,"50":1,"51":1,"52":1,"53":1,"54":5,"55":1,"56":1,"57":1,"58":1,"59":1,"60":1,"61":1,"62":1,"63":1,"64":1,"65":1,"66":1,"67":1,"68":1,"69":1,"70":1,"71":1,"72":1,"73":1,"74":1,"75":1,"76":1,"77":1,"78":1,"79":1,"80":1,"81":4,"82":1,"83":1,"84":1,"85":1,"86":1,"87":1,"88":1,"89":1,"90":1,"91":1,"92":1,"93":1,"94":1,"95":1,"96":1,"97":1,"98":1,"99":1,"100":1,"101":1,"102":1,"103":1,"104":1,"105":1,"106":1,"107":1,"108":1,"109":1,"110":1,"111":1,"112":1,"113":1,"114":1,"115":1,"116":1,"117":1,"118":1,"119":1,"120":1,"121":1,"122":2,"123":2,"124":2,"125":1,"126":1,"127":0,"128":0,"129":0,"130":1,"131":1,"132":0,"133":0,"134":0},"f":{"0":4,"1":1,"2":1,"3":1,"4":1,"5":1,"6":1,"7":1,"8":5,"9":1,"10":1,"11":1,"12":1,"13":1,"14":1,"15":1,"16":1,"17":1,"18":1,"19":1,"20":5,"21":1,"22":1,"23":1,"24":1,"25":1,"26":1,"27":1,"28":1,"29":1,"30":1,"31":1,"32":4,"33":1,"34":1,"35":1,"36":1,"37":1,"38":1,"39":1,"40":1,"41":1,"42":1,"43":1,"44":1,"45":1,"46":1,"47":1,"48":1,"49":1,"50":1,"51":1,"52":2,"53":2,"54":1,"55":0,"56":0,"57":1,"58":0,"59":0},"b":{"0":[1,3],"1":[4,4]},"_coverageSchema":"332fd63041d2c1bcb487cc26dd0d5f7d97098a6c","hash":"df6aea23ac718d4e30dfa318508fa7ab1e3b19eb","contentHash":"8de21679e353da143ddcee892b8025b0_11.2.1"},"C:\\xampp\\htdocs\\More-Recipes\\server\\app.js":{"path":"C:\\xampp\\htdocs\\More-Recipes\\server\\app.js","statementMap":{"0":{"start":{"line":3,"column":0},"end":{"line":5,"column":3}},"1":{"start":{"line":7,"column":15},"end":{"line":7,"column":33}},"2":{"start":{"line":9,"column":16},"end":{"line":9,"column":48}},"3":{"start":{"line":11,"column":14},"end":{"line":11,"column":31}},"4":{"start":{"line":13,"column":15},"end":{"line":13,"column":46}},"5":{"start":{"line":15,"column":18},"end":{"line":15,"column":40}},"6":{"start":{"line":17,"column":19},"end":{"line":17,"column":54}},"7":{"start":{"line":19,"column":14},"end":{"line":19,"column":40}},"8":{"start":{"line":21,"column":15},"end":{"line":21,"column":46}},"9":{"start":{"line":23,"column":39},"end":{"line":23,"column":93}},"10":{"start":{"line":26,"column":10},"end":{"line":26,"column":34}},"11":{"start":{"line":29,"column":0},"end":{"line":29,"column":38}},"12":{"start":{"line":32,"column":0},"end":{"line":32,"column":37}},"13":{"start":{"line":33,"column":0},"end":{"line":35,"column":4}},"14":{"start":{"line":37,"column":0},"end":{"line":37,"column":27}},"15":{"start":{"line":40,"column":0},"end":{"line":42,"column":3}},"16":{"start":{"line":41,"column":2},"end":{"line":41,"column":69}},"17":{"start":{"line":44,"column":0},"end":{"line":44,"column":22}}},"fnMap":{"0":{"name":"_interopRequireDefault","decl":{"start":{"line":23,"column":9},"end":{"line":23,"column":31}},"loc":{"start":{"line":23,"column":37},"end":{"line":23,"column":95}},"line":23},"1":{"name":"(anonymous_1)","decl":{"start":{"line":40,"column":13},"end":{"line":40,"column":14}},"loc":{"start":{"line":40,"column":33},"end":{"line":42,"column":1}},"line":40}},"branchMap":{"0":{"loc":{"start":{"line":23,"column":46},"end":{"line":23,"column":92}},"type":"cond-expr","locations":[{"start":{"line":23,"column":70},"end":{"line":23,"column":73}},{"start":{"line":23,"column":76},"end":{"line":23,"column":92}}],"line":23},"1":{"loc":{"start":{"line":23,"column":46},"end":{"line":23,"column":67}},"type":"binary-expr","locations":[{"start":{"line":23,"column":46},"end":{"line":23,"column":49}},{"start":{"line":23,"column":53},"end":{"line":23,"column":67}}],"line":23}},"s":{"0":1,"1":1,"2":1,"3":1,"4":1,"5":1,"6":1,"7":1,"8":1,"9":4,"10":1,"11":1,"12":1,"13":1,"14":1,"15":1,"16":3,"17":1},"f":{"0":4,"1":3},"b":{"0":[1,3],"1":[4,4]},"_coverageSchema":"332fd63041d2c1bcb487cc26dd0d5f7d97098a6c","hash":"5cd61eec49ae93855c61b0e6be44278bed2f7f96","contentHash":"c9ceb2c0a96f00f50d11be212b2aaab2_11.2.1"},"C:\\xampp\\htdocs\\More-Recipes\\server\\routes\\routes.js":{"path":"C:\\xampp\\htdocs\\More-Recipes\\server\\routes\\routes.js","statementMap":{"0":{"start":{"line":3,"column":0},"end":{"line":5,"column":3}},"1":{"start":{"line":7,"column":20},"end":{"line":7,"column":58}},"2":{"start":{"line":9,"column":21},"end":{"line":9,"column":58}},"3":{"start":{"line":11,"column":22},"end":{"line":11,"column":62}},"4":{"start":{"line":13,"column":23},"end":{"line":13,"column":62}},"5":{"start":{"line":15,"column":21},"end":{"line":15,"column":60}},"6":{"start":{"line":17,"column":22},"end":{"line":17,"column":60}},"7":{"start":{"line":19,"column":19},"end":{"line":19,"column":56}},"8":{"start":{"line":21,"column":20},"end":{"line":21,"column":56}},"9":{"start":{"line":23,"column":24},"end":{"line":23,"column":66}},"10":{"start":{"line":25,"column":25},"end":{"line":25,"column":66}},"11":{"start":{"line":27,"column":24},"end":{"line":27,"column":66}},"12":{"start":{"line":29,"column":25},"end":{"line":29,"column":66}},"13":{"start":{"line":31,"column":17},"end":{"line":31,"column":52}},"14":{"start":{"line":33,"column":18},"end":{"line":33,"column":52}},"15":{"start":{"line":35,"column":39},"end":{"line":35,"column":93}},"16":{"start":{"line":37,"column":13},"end":{"line":53,"column":1}},"17":{"start":{"line":38,"column":2},"end":{"line":40,"column":5}},"18":{"start":{"line":39,"column":4},"end":{"line":39,"column":56}},"19":{"start":{"line":41,"column":2},"end":{"line":41,"column":70}},"20":{"start":{"line":42,"column":2},"end":{"line":42,"column":69}},"21":{"start":{"line":43,"column":2},"end":{"line":43,"column":115}},"22":{"start":{"line":44,"column":2},"end":{"line":44,"column":127}},"23":{"start":{"line":45,"column":2},"end":{"line":45,"column":130}},"24":{"start":{"line":46,"column":2},"end":{"line":46,"column":132}},"25":{"start":{"line":47,"column":2},"end":{"line":47,"column":138}},"26":{"start":{"line":48,"column":2},"end":{"line":48,"column":69}},"27":{"start":{"line":49,"column":2},"end":{"line":49,"column":138}},"28":{"start":{"line":50,"column":2},"end":{"line":50,"column":129}},"29":{"start":{"line":51,"column":2},"end":{"line":51,"column":126}},"30":{"start":{"line":52,"column":2},"end":{"line":52,"column":130}},"31":{"start":{"line":55,"column":0},"end":{"line":55,"column":25}}},"fnMap":{"0":{"name":"_interopRequireDefault","decl":{"start":{"line":35,"column":9},"end":{"line":35,"column":31}},"loc":{"start":{"line":35,"column":37},"end":{"line":35,"column":95}},"line":35},"1":{"name":"router","decl":{"start":{"line":37,"column":22},"end":{"line":37,"column":28}},"loc":{"start":{"line":37,"column":34},"end":{"line":53,"column":1}},"line":37},"2":{"name":"(anonymous_2)","decl":{"start":{"line":38,"column":15},"end":{"line":38,"column":16}},"loc":{"start":{"line":38,"column":35},"end":{"line":40,"column":3}},"line":38}},"branchMap":{"0":{"loc":{"start":{"line":35,"column":46},"end":{"line":35,"column":92}},"type":"cond-expr","locations":[{"start":{"line":35,"column":70},"end":{"line":35,"column":73}},{"start":{"line":35,"column":76},"end":{"line":35,"column":92}}],"line":35},"1":{"loc":{"start":{"line":35,"column":46},"end":{"line":35,"column":67}},"type":"binary-expr","locations":[{"start":{"line":35,"column":46},"end":{"line":35,"column":49}},{"start":{"line":35,"column":53},"end":{"line":35,"column":67}}],"line":35}},"s":{"0":1,"1":1,"2":1,"3":1,"4":1,"5":1,"6":1,"7":1,"8":1,"9":1,"10":1,"11":1,"12":1,"13":1,"14":1,"15":7,"16":1,"17":1,"18":1,"19":1,"20":1,"21":1,"22":1,"23":1,"24":1,"25":1,"26":1,"27":1,"28":1,"29":1,"30":1,"31":1},"f":{"0":7,"1":1,"2":1},"b":{"0":[7,0],"1":[7,7]},"_coverageSchema":"332fd63041d2c1bcb487cc26dd0d5f7d97098a6c","hash":"43c74c6adea0f2d4ac2a671118928d62c68b73c3","contentHash":"5b2882c7771a0688dba38f65d72fff81_11.2.1"},"C:\\xampp\\htdocs\\More-Recipes\\server\\controllers\\controlUsers.js":{"path":"C:\\xampp\\htdocs\\More-Recipes\\server\\controllers\\controlUsers.js","statementMap":{"0":{"start":{"line":3,"column":0},"end":{"line":5,"column":3}},"1":{"start":{"line":7,"column":19},"end":{"line":7,"column":563}},"2":{"start":{"line":7,"column":76},"end":{"line":7,"column":347}},"3":{"start":{"line":7,"column":134},"end":{"line":7,"column":142}},"4":{"start":{"line":7,"column":144},"end":{"line":7,"column":199}},"5":{"start":{"line":7,"column":200},"end":{"line":7,"column":231}},"6":{"start":{"line":7,"column":232},"end":{"line":7,"column":286}},"7":{"start":{"line":7,"column":259},"end":{"line":7,"column":286}},"8":{"start":{"line":7,"column":287},"end":{"line":7,"column":345}},"9":{"start":{"line":7,"column":350},"end":{"line":7,"column":559}},"10":{"start":{"line":7,"column":407},"end":{"line":7,"column":475}},"11":{"start":{"line":7,"column":423},"end":{"line":7,"column":475}},"12":{"start":{"line":7,"column":476},"end":{"line":7,"column":536}},"13":{"start":{"line":7,"column":493},"end":{"line":7,"column":536}},"14":{"start":{"line":7,"column":537},"end":{"line":7,"column":556}},"15":{"start":{"line":9,"column":17},"end":{"line":9,"column":37}},"16":{"start":{"line":11,"column":18},"end":{"line":11,"column":52}},"17":{"start":{"line":13,"column":14},"end":{"line":13,"column":31}},"18":{"start":{"line":15,"column":15},"end":{"line":15,"column":46}},"19":{"start":{"line":17,"column":20},"end":{"line":17,"column":43}},"20":{"start":{"line":19,"column":21},"end":{"line":19,"column":58}},"21":{"start":{"line":21,"column":13},"end":{"line":21,"column":39}},"22":{"start":{"line":23,"column":14},"end":{"line":23,"column":44}},"23":{"start":{"line":25,"column":39},"end":{"line":25,"column":93}},"24":{"start":{"line":27,"column":50},"end":{"line":27,"column":151}},"25":{"start":{"line":27,"column":92},"end":{"line":27,"column":149}},"26":{"start":{"line":35,"column":12},"end":{"line":175,"column":3}},"27":{"start":{"line":37,"column":4},"end":{"line":37,"column":33}},"28":{"start":{"line":40,"column":2},"end":{"line":172,"column":6}},"29":{"start":{"line":53,"column":22},"end":{"line":53,"column":30}},"30":{"start":{"line":54,"column":18},"end":{"line":54,"column":33}},"31":{"start":{"line":55,"column":21},"end":{"line":55,"column":39}},"32":{"start":{"line":56,"column":28},"end":{"line":56,"column":53}},"33":{"start":{"line":57,"column":21},"end":{"line":57,"column":39}},"34":{"start":{"line":58,"column":21},"end":{"line":58,"column":39}},"35":{"start":{"line":61,"column":6},"end":{"line":63,"column":7}},"36":{"start":{"line":62,"column":8},"end":{"line":62,"column":76}},"37":{"start":{"line":64,"column":6},"end":{"line":66,"column":7}},"38":{"start":{"line":65,"column":8},"end":{"line":65,"column":76}},"39":{"start":{"line":67,"column":6},"end":{"line":69,"column":7}},"40":{"start":{"line":68,"column":8},"end":{"line":68,"column":76}},"41":{"start":{"line":70,"column":6},"end":{"line":72,"column":7}},"42":{"start":{"line":71,"column":8},"end":{"line":71,"column":94}},"43":{"start":{"line":73,"column":6},"end":{"line":75,"column":7}},"44":{"start":{"line":74,"column":8},"end":{"line":74,"column":84}},"45":{"start":{"line":76,"column":6},"end":{"line":78,"column":7}},"46":{"start":{"line":77,"column":8},"end":{"line":77,"column":75}},"47":{"start":{"line":79,"column":6},"end":{"line":81,"column":7}},"48":{"start":{"line":80,"column":8},"end":{"line":80,"column":73}},"49":{"start":{"line":82,"column":6},"end":{"line":84,"column":7}},"50":{"start":{"line":83,"column":8},"end":{"line":83,"column":66}},"51":{"start":{"line":85,"column":6},"end":{"line":114,"column":9}},"52":{"start":{"line":90,"column":8},"end":{"line":95,"column":9}},"53":{"start":{"line":91,"column":10},"end":{"line":94,"column":13}},"54":{"start":{"line":96,"column":8},"end":{"line":111,"column":11}},"55":{"start":{"line":102,"column":10},"end":{"line":108,"column":13}},"56":{"start":{"line":110,"column":10},"end":{"line":110,"column":53}},"57":{"start":{"line":113,"column":8},"end":{"line":113,"column":51}},"58":{"start":{"line":130,"column":23},"end":{"line":130,"column":31}},"59":{"start":{"line":131,"column":18},"end":{"line":131,"column":34}},"60":{"start":{"line":132,"column":21},"end":{"line":132,"column":40}},"61":{"start":{"line":135,"column":6},"end":{"line":137,"column":7}},"62":{"start":{"line":136,"column":8},"end":{"line":136,"column":76}},"63":{"start":{"line":138,"column":6},"end":{"line":140,"column":7}},"64":{"start":{"line":139,"column":8},"end":{"line":139,"column":73}},"65":{"start":{"line":142,"column":6},"end":{"line":170,"column":9}},"66":{"start":{"line":147,"column":20},"end":{"line":147,"column":87}},"67":{"start":{"line":148,"column":8},"end":{"line":160,"column":9}},"68":{"start":{"line":149,"column":22},"end":{"line":153,"column":12}},"69":{"start":{"line":154,"column":10},"end":{"line":159,"column":13}},"70":{"start":{"line":161,"column":8},"end":{"line":164,"column":11}},"71":{"start":{"line":166,"column":8},"end":{"line":169,"column":11}},"72":{"start":{"line":174,"column":2},"end":{"line":174,"column":15}},"73":{"start":{"line":177,"column":0},"end":{"line":177,"column":24}}},"fnMap":{"0":{"name":"(anonymous_0)","decl":{"start":{"line":7,"column":19},"end":{"line":7,"column":20}},"loc":{"start":{"line":7,"column":31},"end":{"line":7,"column":561}},"line":7},"1":{"name":"defineProperties","decl":{"start":{"line":7,"column":42},"end":{"line":7,"column":58}},"loc":{"start":{"line":7,"column":74},"end":{"line":7,"column":349}},"line":7},"2":{"name":"(anonymous_2)","decl":{"start":{"line":7,"column":357},"end":{"line":7,"column":358}},"loc":{"start":{"line":7,"column":405},"end":{"line":7,"column":558}},"line":7},"3":{"name":"_interopRequireDefault","decl":{"start":{"line":25,"column":9},"end":{"line":25,"column":31}},"loc":{"start":{"line":25,"column":37},"end":{"line":25,"column":95}},"line":25},"4":{"name":"_classCallCheck","decl":{"start":{"line":27,"column":9},"end":{"line":27,"column":24}},"loc":{"start":{"line":27,"column":48},"end":{"line":27,"column":153}},"line":27},"5":{"name":"(anonymous_5)","decl":{"start":{"line":35,"column":12},"end":{"line":35,"column":13}},"loc":{"start":{"line":35,"column":24},"end":{"line":175,"column":1}},"line":35},"6":{"name":"Users","decl":{"start":{"line":36,"column":11},"end":{"line":36,"column":16}},"loc":{"start":{"line":36,"column":19},"end":{"line":38,"column":3}},"line":36},"7":{"name":"createUser","decl":{"start":{"line":52,"column":20},"end":{"line":52,"column":30}},"loc":{"start":{"line":52,"column":41},"end":{"line":115,"column":5}},"line":52},"8":{"name":"(anonymous_8)","decl":{"start":{"line":89,"column":14},"end":{"line":89,"column":15}},"loc":{"start":{"line":89,"column":34},"end":{"line":112,"column":7}},"line":89},"9":{"name":"(anonymous_9)","decl":{"start":{"line":101,"column":16},"end":{"line":101,"column":17}},"loc":{"start":{"line":101,"column":35},"end":{"line":109,"column":9}},"line":101},"10":{"name":"(anonymous_10)","decl":{"start":{"line":109,"column":17},"end":{"line":109,"column":18}},"loc":{"start":{"line":109,"column":34},"end":{"line":111,"column":9}},"line":109},"11":{"name":"(anonymous_11)","decl":{"start":{"line":112,"column":15},"end":{"line":112,"column":16}},"loc":{"start":{"line":112,"column":32},"end":{"line":114,"column":7}},"line":112},"12":{"name":"userLogin","decl":{"start":{"line":129,"column":20},"end":{"line":129,"column":29}},"loc":{"start":{"line":129,"column":40},"end":{"line":171,"column":5}},"line":129},"13":{"name":"(anonymous_13)","decl":{"start":{"line":146,"column":14},"end":{"line":146,"column":15}},"loc":{"start":{"line":146,"column":35},"end":{"line":165,"column":7}},"line":146},"14":{"name":"(anonymous_14)","decl":{"start":{"line":165,"column":15},"end":{"line":165,"column":16}},"loc":{"start":{"line":165,"column":32},"end":{"line":170,"column":7}},"line":165}},"branchMap":{"0":{"loc":{"start":{"line":7,"column":168},"end":{"line":7,"column":198}},"type":"binary-expr","locations":[{"start":{"line":7,"column":168},"end":{"line":7,"column":189}},{"start":{"line":7,"column":193},"end":{"line":7,"column":198}}],"line":7},"1":{"loc":{"start":{"line":7,"column":232},"end":{"line":7,"column":286}},"type":"if","locations":[{"start":{"line":7,"column":232},"end":{"line":7,"column":286}},{"start":{"line":7,"column":232},"end":{"line":7,"column":286}}],"line":7},"2":{"loc":{"start":{"line":7,"column":407},"end":{"line":7,"column":475}},"type":"if","locations":[{"start":{"line":7,"column":407},"end":{"line":7,"column":475}},{"start":{"line":7,"column":407},"end":{"line":7,"column":475}}],"line":7},"3":{"loc":{"start":{"line":7,"column":476},"end":{"line":7,"column":536}},"type":"if","locations":[{"start":{"line":7,"column":476},"end":{"line":7,"column":536}},{"start":{"line":7,"column":476},"end":{"line":7,"column":536}}],"line":7},"4":{"loc":{"start":{"line":25,"column":46},"end":{"line":25,"column":92}},"type":"cond-expr","locations":[{"start":{"line":25,"column":70},"end":{"line":25,"column":73}},{"start":{"line":25,"column":76},"end":{"line":25,"column":92}}],"line":25},"5":{"loc":{"start":{"line":25,"column":46},"end":{"line":25,"column":67}},"type":"binary-expr","locations":[{"start":{"line":25,"column":46},"end":{"line":25,"column":49}},{"start":{"line":25,"column":53},"end":{"line":25,"column":67}}],"line":25},"6":{"loc":{"start":{"line":27,"column":50},"end":{"line":27,"column":151}},"type":"if","locations":[{"start":{"line":27,"column":50},"end":{"line":27,"column":151}},{"start":{"line":27,"column":50},"end":{"line":27,"column":151}}],"line":27},"7":{"loc":{"start":{"line":61,"column":6},"end":{"line":63,"column":7}},"type":"if","locations":[{"start":{"line":61,"column":6},"end":{"line":63,"column":7}},{"start":{"line":61,"column":6},"end":{"line":63,"column":7}}],"line":61},"8":{"loc":{"start":{"line":64,"column":6},"end":{"line":66,"column":7}},"type":"if","locations":[{"start":{"line":64,"column":6},"end":{"line":66,"column":7}},{"start":{"line":64,"column":6},"end":{"line":66,"column":7}}],"line":64},"9":{"loc":{"start":{"line":67,"column":6},"end":{"line":69,"column":7}},"type":"if","locations":[{"start":{"line":67,"column":6},"end":{"line":69,"column":7}},{"start":{"line":67,"column":6},"end":{"line":69,"column":7}}],"line":67},"10":{"loc":{"start":{"line":70,"column":6},"end":{"line":72,"column":7}},"type":"if","locations":[{"start":{"line":70,"column":6},"end":{"line":72,"column":7}},{"start":{"line":70,"column":6},"end":{"line":72,"column":7}}],"line":70},"11":{"loc":{"start":{"line":73,"column":6},"end":{"line":75,"column":7}},"type":"if","locations":[{"start":{"line":73,"column":6},"end":{"line":75,"column":7}},{"start":{"line":73,"column":6},"end":{"line":75,"column":7}}],"line":73},"12":{"loc":{"start":{"line":76,"column":6},"end":{"line":78,"column":7}},"type":"if","locations":[{"start":{"line":76,"column":6},"end":{"line":78,"column":7}},{"start":{"line":76,"column":6},"end":{"line":78,"column":7}}],"line":76},"13":{"loc":{"start":{"line":79,"column":6},"end":{"line":81,"column":7}},"type":"if","locations":[{"start":{"line":79,"column":6},"end":{"line":81,"column":7}},{"start":{"line":79,"column":6},"end":{"line":81,"column":7}}],"line":79},"14":{"loc":{"start":{"line":82,"column":6},"end":{"line":84,"column":7}},"type":"if","locations":[{"start":{"line":82,"column":6},"end":{"line":84,"column":7}},{"start":{"line":82,"column":6},"end":{"line":84,"column":7}}],"line":82},"15":{"loc":{"start":{"line":90,"column":8},"end":{"line":95,"column":9}},"type":"if","locations":[{"start":{"line":90,"column":8},"end":{"line":95,"column":9}},{"start":{"line":90,"column":8},"end":{"line":95,"column":9}}],"line":90},"16":{"loc":{"start":{"line":135,"column":6},"end":{"line":137,"column":7}},"type":"if","locations":[{"start":{"line":135,"column":6},"end":{"line":137,"column":7}},{"start":{"line":135,"column":6},"end":{"line":137,"column":7}}],"line":135},"17":{"loc":{"start":{"line":138,"column":6},"end":{"line":140,"column":7}},"type":"if","locations":[{"start":{"line":138,"column":6},"end":{"line":140,"column":7}},{"start":{"line":138,"column":6},"end":{"line":140,"column":7}}],"line":138},"18":{"loc":{"start":{"line":148,"column":8},"end":{"line":160,"column":9}},"type":"if","locations":[{"start":{"line":148,"column":8},"end":{"line":160,"column":9}},{"start":{"line":148,"column":8},"end":{"line":160,"column":9}}],"line":148}},"s":{"0":1,"1":1,"2":1,"3":2,"4":2,"5":2,"6":2,"7":2,"8":2,"9":1,"10":1,"11":0,"12":1,"13":1,"14":1,"15":1,"16":1,"17":1,"18":1,"19":1,"20":1,"21":1,"22":1,"23":4,"24":0,"25":0,"26":1,"27":0,"28":1,"29":5,"30":5,"31":5,"32":5,"33":5,"34":5,"35":5,"36":5,"37":0,"38":0,"39":0,"40":0,"41":0,"42":0,"43":0,"44":0,"45":0,"46":0,"47":0,"48":0,"49":0,"50":0,"51":0,"52":0,"53":0,"54":0,"55":0,"56":0,"57":0,"58":6,"59":6,"60":6,"61":6,"62":1,"63":5,"64":1,"65":4,"66":4,"67":0,"68":0,"69":0,"70":0,"71":4,"72":1,"73":1},"f":{"0":1,"1":1,"2":1,"3":4,"4":0,"5":1,"6":0,"7":5,"8":0,"9":0,"10":0,"11":0,"12":6,"13":4,"14":4},"b":{"0":[2,2],"1":[2,0],"2":[0,1],"3":[1,0],"4":[1,3],"5":[4,4],"6":[0,0],"7":[5,0],"8":[0,0],"9":[0,0],"10":[0,0],"11":[0,0],"12":[0,0],"13":[0,0],"14":[0,0],"15":[0,0],"16":[1,5],"17":[1,4],"18":[0,0]},"_coverageSchema":"332fd63041d2c1bcb487cc26dd0d5f7d97098a6c","hash":"d39a0030f9bd1bf1e1a8e28d77afce151e536a3a","contentHash":"b8cfd69b10509c678b8087013e085d9d_11.2.1"},"C:\\xampp\\htdocs\\More-Recipes\\server\\models\\index.js":{"path":"C:\\xampp\\htdocs\\More-Recipes\\server\\models\\index.js","statementMap":{"0":{"start":{"line":3,"column":0},"end":{"line":5,"column":3}},"1":{"start":{"line":7,"column":10},"end":{"line":7,"column":23}},"2":{"start":{"line":9,"column":11},"end":{"line":9,"column":38}},"3":{"start":{"line":11,"column":12},"end":{"line":11,"column":27}},"4":{"start":{"line":13,"column":13},"end":{"line":13,"column":42}},"5":{"start":{"line":15,"column":17},"end":{"line":15,"column":37}},"6":{"start":{"line":17,"column":18},"end":{"line":17,"column":52}},"7":{"start":{"line":19,"column":39},"end":{"line":19,"column":93}},"8":{"start":{"line":21,"column":15},"end":{"line":21,"column":50}},"9":{"start":{"line":22,"column":10},"end":{"line":22,"column":47}},"10":{"start":{"line":24,"column":13},"end":{"line":24,"column":45}},"11":{"start":{"line":26,"column":9},"end":{"line":26,"column":11}},"12":{"start":{"line":27,"column":16},"end":{"line":27,"column":22}},"13":{"start":{"line":28,"column":0},"end":{"line":32,"column":1}},"14":{"start":{"line":29,"column":2},"end":{"line":29,"column":76}},"15":{"start":{"line":31,"column":2},"end":{"line":31,"column":97}},"16":{"start":{"line":34,"column":0},"end":{"line":39,"column":3}},"17":{"start":{"line":35,"column":2},"end":{"line":35,"column":82}},"18":{"start":{"line":37,"column":14},"end":{"line":37,"column":68}},"19":{"start":{"line":38,"column":2},"end":{"line":38,"column":25}},"20":{"start":{"line":41,"column":0},"end":{"line":45,"column":3}},"21":{"start":{"line":42,"column":2},"end":{"line":44,"column":3}},"22":{"start":{"line":43,"column":4},"end":{"line":43,"column":32}},"23":{"start":{"line":47,"column":0},"end":{"line":47,"column":25}},"24":{"start":{"line":48,"column":0},"end":{"line":48,"column":35}},"25":{"start":{"line":50,"column":0},"end":{"line":50,"column":21}}},"fnMap":{"0":{"name":"_interopRequireDefault","decl":{"start":{"line":19,"column":9},"end":{"line":19,"column":31}},"loc":{"start":{"line":19,"column":37},"end":{"line":19,"column":95}},"line":19},"1":{"name":"(anonymous_1)","decl":{"start":{"line":34,"column":43},"end":{"line":34,"column":44}},"loc":{"start":{"line":34,"column":59},"end":{"line":36,"column":1}},"line":34},"2":{"name":"(anonymous_2)","decl":{"start":{"line":36,"column":11},"end":{"line":36,"column":12}},"loc":{"start":{"line":36,"column":27},"end":{"line":39,"column":1}},"line":36},"3":{"name":"(anonymous_3)","decl":{"start":{"line":41,"column":24},"end":{"line":41,"column":25}},"loc":{"start":{"line":41,"column":45},"end":{"line":45,"column":1}},"line":41}},"branchMap":{"0":{"loc":{"start":{"line":19,"column":46},"end":{"line":19,"column":92}},"type":"cond-expr","locations":[{"start":{"line":19,"column":70},"end":{"line":19,"column":73}},{"start":{"line":19,"column":76},"end":{"line":19,"column":92}}],"line":19},"1":{"loc":{"start":{"line":19,"column":46},"end":{"line":19,"column":67}},"type":"binary-expr","locations":[{"start":{"line":19,"column":46},"end":{"line":19,"column":49}},{"start":{"line":19,"column":53},"end":{"line":19,"column":67}}],"line":19},"2":{"loc":{"start":{"line":22,"column":10},"end":{"line":22,"column":47}},"type":"binary-expr","locations":[{"start":{"line":22,"column":10},"end":{"line":22,"column":30}},{"start":{"line":22,"column":34},"end":{"line":22,"column":47}}],"line":22},"3":{"loc":{"start":{"line":28,"column":0},"end":{"line":32,"column":1}},"type":"if","locations":[{"start":{"line":28,"column":0},"end":{"line":32,"column":1}},{"start":{"line":28,"column":0},"end":{"line":32,"column":1}}],"line":28},"4":{"loc":{"start":{"line":35,"column":9},"end":{"line":35,"column":81}},"type":"binary-expr","locations":[{"start":{"line":35,"column":9},"end":{"line":35,"column":32}},{"start":{"line":35,"column":36},"end":{"line":35,"column":53}},{"start":{"line":35,"column":57},"end":{"line":35,"column":81}}],"line":35},"5":{"loc":{"start":{"line":42,"column":2},"end":{"line":44,"column":3}},"type":"if","locations":[{"start":{"line":42,"column":2},"end":{"line":44,"column":3}},{"start":{"line":42,"column":2},"end":{"line":44,"column":3}}],"line":42}},"s":{"0":1,"1":1,"2":1,"3":1,"4":1,"5":1,"6":1,"7":3,"8":1,"9":1,"10":1,"11":1,"12":1,"13":1,"14":0,"15":1,"16":1,"17":7,"18":6,"19":6,"20":1,"21":6,"22":6,"23":1,"24":1,"25":1},"f":{"0":3,"1":7,"2":6,"3":6},"b":{"0":[0,3],"1":[3,3],"2":[1,1],"3":[0,1],"4":[7,7,6],"5":[6,0]},"_coverageSchema":"332fd63041d2c1bcb487cc26dd0d5f7d97098a6c","hash":"8eebf11f0595bb5da636c31b87cf902bfd056b7c","contentHash":"ac40eea7f1bce3cc6ea478b5174a22f5_11.2.1"},"C:\\xampp\\htdocs\\More-Recipes\\server\\models\\downvote.js":{"path":"C:\\xampp\\htdocs\\More-Recipes\\server\\models\\downvote.js","statementMap":{"0":{"start":{"line":3,"column":0},"end":{"line":5,"column":3}},"1":{"start":{"line":7,"column":0},"end":{"line":25,"column":2}},"2":{"start":{"line":8,"column":17},"end":{"line":17,"column":4}},"3":{"start":{"line":18,"column":2},"end":{"line":22,"column":4}},"4":{"start":{"line":20,"column":4},"end":{"line":20,"column":83}},"5":{"start":{"line":21,"column":4},"end":{"line":21,"column":87}},"6":{"start":{"line":24,"column":2},"end":{"line":24,"column":18}}},"fnMap":{"0":{"name":"(anonymous_0)","decl":{"start":{"line":7,"column":18},"end":{"line":7,"column":19}},"loc":{"start":{"line":7,"column":50},"end":{"line":25,"column":1}},"line":7},"1":{"name":"(anonymous_1)","decl":{"start":{"line":18,"column":23},"end":{"line":18,"column":24}},"loc":{"start":{"line":18,"column":41},"end":{"line":22,"column":3}},"line":18}},"branchMap":{},"s":{"0":1,"1":1,"2":1,"3":1,"4":1,"5":1,"6":1},"f":{"0":1,"1":1},"b":{},"_coverageSchema":"332fd63041d2c1bcb487cc26dd0d5f7d97098a6c","hash":"eae0d3c697b8aa5dfae31bdab01c04973637b8dd","contentHash":"9e23e9841c7e0dad89f6cc124913a6cb_11.2.1"},"C:\\xampp\\htdocs\\More-Recipes\\server\\models\\favourite.js":{"path":"C:\\xampp\\htdocs\\More-Recipes\\server\\models\\favourite.js","statementMap":{"0":{"start":{"line":3,"column":0},"end":{"line":5,"column":3}},"1":{"start":{"line":7,"column":0},"end":{"line":24,"column":2}},"2":{"start":{"line":8,"column":18},"end":{"line":17,"column":4}},"3":{"start":{"line":18,"column":2},"end":{"line":22,"column":4}},"4":{"start":{"line":20,"column":4},"end":{"line":20,"column":84}},"5":{"start":{"line":21,"column":4},"end":{"line":21,"column":88}},"6":{"start":{"line":23,"column":2},"end":{"line":23,"column":19}}},"fnMap":{"0":{"name":"(anonymous_0)","decl":{"start":{"line":7,"column":18},"end":{"line":7,"column":19}},"loc":{"start":{"line":7,"column":50},"end":{"line":24,"column":1}},"line":7},"1":{"name":"(anonymous_1)","decl":{"start":{"line":18,"column":24},"end":{"line":18,"column":25}},"loc":{"start":{"line":18,"column":42},"end":{"line":22,"column":3}},"line":18}},"branchMap":{},"s":{"0":1,"1":1,"2":1,"3":1,"4":1,"5":1,"6":1},"f":{"0":1,"1":1},"b":{},"_coverageSchema":"332fd63041d2c1bcb487cc26dd0d5f7d97098a6c","hash":"51fc3cb4c88ef9e1852b06b38e11d01ec1b1ebd9","contentHash":"6f30ca19f1d56ad6325deb723aea53dd_11.2.1"},"C:\\xampp\\htdocs\\More-Recipes\\server\\models\\recipe.js":{"path":"C:\\xampp\\htdocs\\More-Recipes\\server\\models\\recipe.js","statementMap":{"0":{"start":{"line":3,"column":0},"end":{"line":5,"column":3}},"1":{"start":{"line":7,"column":0},"end":{"line":51,"column":2}},"2":{"start":{"line":8,"column":15},"end":{"line":40,"column":4}},"3":{"start":{"line":42,"column":2},"end":{"line":49,"column":4}},"4":{"start":{"line":44,"column":4},"end":{"line":44,"column":81}},"5":{"start":{"line":45,"column":4},"end":{"line":45,"column":62}},"6":{"start":{"line":46,"column":4},"end":{"line":46,"column":62}},"7":{"start":{"line":47,"column":4},"end":{"line":47,"column":64}},"8":{"start":{"line":48,"column":4},"end":{"line":48,"column":65}},"9":{"start":{"line":50,"column":2},"end":{"line":50,"column":16}}},"fnMap":{"0":{"name":"(anonymous_0)","decl":{"start":{"line":7,"column":18},"end":{"line":7,"column":19}},"loc":{"start":{"line":7,"column":50},"end":{"line":51,"column":1}},"line":7},"1":{"name":"(anonymous_1)","decl":{"start":{"line":42,"column":21},"end":{"line":42,"column":22}},"loc":{"start":{"line":42,"column":39},"end":{"line":49,"column":3}},"line":42}},"branchMap":{},"s":{"0":1,"1":1,"2":1,"3":1,"4":1,"5":1,"6":1,"7":1,"8":1,"9":1},"f":{"0":1,"1":1},"b":{},"_coverageSchema":"332fd63041d2c1bcb487cc26dd0d5f7d97098a6c","hash":"e1198b94d29524b101b0a3a9cc62a217b53ca7c1","contentHash":"969fbabe592e7930a4bbef6695c9c737_11.2.1"},"C:\\xampp\\htdocs\\More-Recipes\\server\\models\\review.js":{"path":"C:\\xampp\\htdocs\\More-Recipes\\server\\models\\review.js","statementMap":{"0":{"start":{"line":3,"column":0},"end":{"line":5,"column":3}},"1":{"start":{"line":7,"column":0},"end":{"line":28,"column":2}},"2":{"start":{"line":8,"column":15},"end":{"line":21,"column":4}},"3":{"start":{"line":22,"column":2},"end":{"line":26,"column":4}},"4":{"start":{"line":24,"column":4},"end":{"line":24,"column":81}},"5":{"start":{"line":25,"column":4},"end":{"line":25,"column":85}},"6":{"start":{"line":27,"column":2},"end":{"line":27,"column":16}}},"fnMap":{"0":{"name":"(anonymous_0)","decl":{"start":{"line":7,"column":18},"end":{"line":7,"column":19}},"loc":{"start":{"line":7,"column":50},"end":{"line":28,"column":1}},"line":7},"1":{"name":"(anonymous_1)","decl":{"start":{"line":22,"column":21},"end":{"line":22,"column":22}},"loc":{"start":{"line":22,"column":39},"end":{"line":26,"column":3}},"line":22}},"branchMap":{},"s":{"0":1,"1":1,"2":1,"3":1,"4":1,"5":1,"6":1},"f":{"0":1,"1":1},"b":{},"_coverageSchema":"332fd63041d2c1bcb487cc26dd0d5f7d97098a6c","hash":"a048e575928e50f9fca3eb5e372981a2c3dcce50","contentHash":"e43f9969eafbfb78dd937e943e1d59e7_11.2.1"},"C:\\xampp\\htdocs\\More-Recipes\\server\\models\\upvote.js":{"path":"C:\\xampp\\htdocs\\More-Recipes\\server\\models\\upvote.js","statementMap":{"0":{"start":{"line":3,"column":0},"end":{"line":5,"column":3}},"1":{"start":{"line":7,"column":0},"end":{"line":25,"column":2}},"2":{"start":{"line":8,"column":15},"end":{"line":17,"column":4}},"3":{"start":{"line":18,"column":2},"end":{"line":22,"column":4}},"4":{"start":{"line":20,"column":4},"end":{"line":20,"column":81}},"5":{"start":{"line":21,"column":4},"end":{"line":21,"column":85}},"6":{"start":{"line":24,"column":2},"end":{"line":24,"column":16}}},"fnMap":{"0":{"name":"(anonymous_0)","decl":{"start":{"line":7,"column":18},"end":{"line":7,"column":19}},"loc":{"start":{"line":7,"column":50},"end":{"line":25,"column":1}},"line":7},"1":{"name":"(anonymous_1)","decl":{"start":{"line":18,"column":21},"end":{"line":18,"column":22}},"loc":{"start":{"line":18,"column":39},"end":{"line":22,"column":3}},"line":18}},"branchMap":{},"s":{"0":1,"1":1,"2":1,"3":1,"4":1,"5":1,"6":1},"f":{"0":1,"1":1},"b":{},"_coverageSchema":"332fd63041d2c1bcb487cc26dd0d5f7d97098a6c","hash":"6521cc6549d64152f6f13bc2150c8c5923584afa","contentHash":"f2f356546d7ba7ad576e5fd0cb82e0fb_11.2.1"},"C:\\xampp\\htdocs\\More-Recipes\\server\\models\\user.js":{"path":"C:\\xampp\\htdocs\\More-Recipes\\server\\models\\user.js","statementMap":{"0":{"start":{"line":3,"column":0},"end":{"line":5,"column":3}},"1":{"start":{"line":7,"column":0},"end":{"line":40,"column":2}},"2":{"start":{"line":8,"column":13},"end":{"line":29,"column":4}},"3":{"start":{"line":31,"column":2},"end":{"line":38,"column":4}},"4":{"start":{"line":33,"column":4},"end":{"line":33,"column":58}},"5":{"start":{"line":34,"column":4},"end":{"line":34,"column":58}},"6":{"start":{"line":35,"column":4},"end":{"line":35,"column":58}},"7":{"start":{"line":36,"column":4},"end":{"line":36,"column":60}},"8":{"start":{"line":37,"column":4},"end":{"line":37,"column":61}},"9":{"start":{"line":39,"column":2},"end":{"line":39,"column":14}}},"fnMap":{"0":{"name":"(anonymous_0)","decl":{"start":{"line":7,"column":18},"end":{"line":7,"column":19}},"loc":{"start":{"line":7,"column":50},"end":{"line":40,"column":1}},"line":7},"1":{"name":"(anonymous_1)","decl":{"start":{"line":31,"column":19},"end":{"line":31,"column":20}},"loc":{"start":{"line":31,"column":37},"end":{"line":38,"column":3}},"line":31}},"branchMap":{},"s":{"0":1,"1":1,"2":1,"3":1,"4":1,"5":1,"6":1,"7":1,"8":1,"9":1},"f":{"0":1,"1":1},"b":{},"_coverageSchema":"332fd63041d2c1bcb487cc26dd0d5f7d97098a6c","hash":"94e70f08b51e471598bc62ce64c8355db7d3e397","contentHash":"557a1160c6f3434c545fc5be62c19213_11.2.1"},"C:\\xampp\\htdocs\\More-Recipes\\server\\controllers\\controlRecipes.js":{"path":"C:\\xampp\\htdocs\\More-Recipes\\server\\controllers\\controlRecipes.js","statementMap":{"0":{"start":{"line":3,"column":0},"end":{"line":5,"column":3}},"1":{"start":{"line":7,"column":19},"end":{"line":7,"column":563}},"2":{"start":{"line":7,"column":76},"end":{"line":7,"column":347}},"3":{"start":{"line":7,"column":134},"end":{"line":7,"column":142}},"4":{"start":{"line":7,"column":144},"end":{"line":7,"column":199}},"5":{"start":{"line":7,"column":200},"end":{"line":7,"column":231}},"6":{"start":{"line":7,"column":232},"end":{"line":7,"column":286}},"7":{"start":{"line":7,"column":259},"end":{"line":7,"column":286}},"8":{"start":{"line":7,"column":287},"end":{"line":7,"column":345}},"9":{"start":{"line":7,"column":350},"end":{"line":7,"column":559}},"10":{"start":{"line":7,"column":407},"end":{"line":7,"column":475}},"11":{"start":{"line":7,"column":423},"end":{"line":7,"column":475}},"12":{"start":{"line":7,"column":476},"end":{"line":7,"column":536}},"13":{"start":{"line":7,"column":493},"end":{"line":7,"column":536}},"14":{"start":{"line":7,"column":537},"end":{"line":7,"column":556}},"15":{"start":{"line":9,"column":13},"end":{"line":9,"column":39}},"16":{"start":{"line":11,"column":14},"end":{"line":11,"column":44}},"17":{"start":{"line":13,"column":39},"end":{"line":13,"column":93}},"18":{"start":{"line":15,"column":50},"end":{"line":15,"column":151}},"19":{"start":{"line":15,"column":92},"end":{"line":15,"column":149}},"20":{"start":{"line":23,"column":14},"end":{"line":308,"column":3}},"21":{"start":{"line":25,"column":4},"end":{"line":25,"column":35}},"22":{"start":{"line":28,"column":2},"end":{"line":305,"column":6}},"23":{"start":{"line":41,"column":22},"end":{"line":41,"column":30}},"24":{"start":{"line":42,"column":17},"end":{"line":42,"column":31}},"25":{"start":{"line":43,"column":24},"end":{"line":43,"column":45}},"26":{"start":{"line":44,"column":24},"end":{"line":44,"column":45}},"27":{"start":{"line":47,"column":6},"end":{"line":49,"column":7}},"28":{"start":{"line":48,"column":8},"end":{"line":48,"column":79}},"29":{"start":{"line":50,"column":6},"end":{"line":52,"column":7}},"30":{"start":{"line":51,"column":8},"end":{"line":51,"column":73}},"31":{"start":{"line":53,"column":6},"end":{"line":55,"column":7}},"32":{"start":{"line":54,"column":8},"end":{"line":54,"column":96}},"33":{"start":{"line":56,"column":6},"end":{"line":58,"column":7}},"34":{"start":{"line":57,"column":8},"end":{"line":57,"column":85}},"35":{"start":{"line":60,"column":6},"end":{"line":89,"column":9}},"36":{"start":{"line":66,"column":8},"end":{"line":71,"column":9}},"37":{"start":{"line":67,"column":10},"end":{"line":70,"column":13}},"38":{"start":{"line":72,"column":8},"end":{"line":86,"column":9}},"39":{"start":{"line":73,"column":10},"end":{"line":85,"column":13}},"40":{"start":{"line":81,"column":12},"end":{"line":84,"column":15}},"41":{"start":{"line":88,"column":8},"end":{"line":88,"column":51}},"42":{"start":{"line":105,"column":23},"end":{"line":105,"column":31}},"43":{"start":{"line":106,"column":17},"end":{"line":106,"column":32}},"44":{"start":{"line":107,"column":24},"end":{"line":107,"column":46}},"45":{"start":{"line":108,"column":24},"end":{"line":108,"column":46}},"46":{"start":{"line":111,"column":6},"end":{"line":146,"column":9}},"47":{"start":{"line":117,"column":8},"end":{"line":134,"column":9}},"48":{"start":{"line":118,"column":23},"end":{"line":122,"column":11}},"49":{"start":{"line":123,"column":10},"end":{"line":133,"column":13}},"50":{"start":{"line":124,"column":12},"end":{"line":127,"column":15}},"51":{"start":{"line":129,"column":12},"end":{"line":132,"column":15}},"52":{"start":{"line":135,"column":8},"end":{"line":140,"column":9}},"53":{"start":{"line":136,"column":10},"end":{"line":139,"column":13}},"54":{"start":{"line":142,"column":8},"end":{"line":145,"column":11}},"55":{"start":{"line":162,"column":6},"end":{"line":200,"column":9}},"56":{"start":{"line":168,"column":8},"end":{"line":173,"column":9}},"57":{"start":{"line":169,"column":10},"end":{"line":172,"column":13}},"58":{"start":{"line":174,"column":8},"end":{"line":188,"column":9}},"59":{"start":{"line":175,"column":10},"end":{"line":187,"column":13}},"60":{"start":{"line":181,"column":12},"end":{"line":184,"column":15}},"61":{"start":{"line":186,"column":12},"end":{"line":186,"column":60}},"62":{"start":{"line":189,"column":8},"end":{"line":194,"column":9}},"63":{"start":{"line":190,"column":10},"end":{"line":193,"column":13}},"64":{"start":{"line":196,"column":8},"end":{"line":199,"column":11}},"65":{"start":{"line":216,"column":6},"end":{"line":232,"column":7}},"66":{"start":{"line":217,"column":8},"end":{"line":231,"column":11}},"67":{"start":{"line":218,"column":10},"end":{"line":223,"column":11}},"68":{"start":{"line":219,"column":12},"end":{"line":222,"column":15}},"69":{"start":{"line":224,"column":10},"end":{"line":226,"column":11}},"70":{"start":{"line":225,"column":12},"end":{"line":225,"column":73}},"71":{"start":{"line":228,"column":10},"end":{"line":230,"column":13}},"72":{"start":{"line":233,"column":6},"end":{"line":253,"column":7}},"73":{"start":{"line":234,"column":8},"end":{"line":252,"column":11}},"74":{"start":{"line":235,"column":10},"end":{"line":243,"column":11}},"75":{"start":{"line":236,"column":25},"end":{"line":238,"column":14}},"76":{"start":{"line":237,"column":14},"end":{"line":237,"column":41}},"77":{"start":{"line":239,"column":12},"end":{"line":242,"column":15}},"78":{"start":{"line":244,"column":10},"end":{"line":246,"column":11}},"79":{"start":{"line":245,"column":12},"end":{"line":245,"column":77}},"80":{"start":{"line":248,"column":10},"end":{"line":251,"column":13}},"81":{"start":{"line":269,"column":19},"end":{"line":269,"column":33}},"82":{"start":{"line":271,"column":6},"end":{"line":273,"column":7}},"83":{"start":{"line":272,"column":8},"end":{"line":272,"column":74}},"84":{"start":{"line":275,"column":6},"end":{"line":303,"column":9}},"85":{"start":{"line":280,"column":8},"end":{"line":285,"column":9}},"86":{"start":{"line":281,"column":10},"end":{"line":284,"column":13}},"87":{"start":{"line":285,"column":9},"end":{"line":302,"column":11}},"88":{"start":{"line":291,"column":10},"end":{"line":293,"column":11}},"89":{"start":{"line":292,"column":12},"end":{"line":292,"column":86}},"90":{"start":{"line":294,"column":10},"end":{"line":299,"column":11}},"91":{"start":{"line":295,"column":12},"end":{"line":298,"column":15}},"92":{"start":{"line":301,"column":10},"end":{"line":301,"column":88}},"93":{"start":{"line":307,"column":2},"end":{"line":307,"column":17}},"94":{"start":{"line":310,"column":0},"end":{"line":310,"column":26}}},"fnMap":{"0":{"name":"(anonymous_0)","decl":{"start":{"line":7,"column":19},"end":{"line":7,"column":20}},"loc":{"start":{"line":7,"column":31},"end":{"line":7,"column":561}},"line":7},"1":{"name":"defineProperties","decl":{"start":{"line":7,"column":42},"end":{"line":7,"column":58}},"loc":{"start":{"line":7,"column":74},"end":{"line":7,"column":349}},"line":7},"2":{"name":"(anonymous_2)","decl":{"start":{"line":7,"column":357},"end":{"line":7,"column":358}},"loc":{"start":{"line":7,"column":405},"end":{"line":7,"column":558}},"line":7},"3":{"name":"_interopRequireDefault","decl":{"start":{"line":13,"column":9},"end":{"line":13,"column":31}},"loc":{"start":{"line":13,"column":37},"end":{"line":13,"column":95}},"line":13},"4":{"name":"_classCallCheck","decl":{"start":{"line":15,"column":9},"end":{"line":15,"column":24}},"loc":{"start":{"line":15,"column":48},"end":{"line":15,"column":153}},"line":15},"5":{"name":"(anonymous_5)","decl":{"start":{"line":23,"column":14},"end":{"line":23,"column":15}},"loc":{"start":{"line":23,"column":26},"end":{"line":308,"column":1}},"line":23},"6":{"name":"Recipes","decl":{"start":{"line":24,"column":11},"end":{"line":24,"column":18}},"loc":{"start":{"line":24,"column":21},"end":{"line":26,"column":3}},"line":24},"7":{"name":"addRecipe","decl":{"start":{"line":40,"column":20},"end":{"line":40,"column":29}},"loc":{"start":{"line":40,"column":40},"end":{"line":90,"column":5}},"line":40},"8":{"name":"(anonymous_8)","decl":{"start":{"line":65,"column":14},"end":{"line":65,"column":15}},"loc":{"start":{"line":65,"column":37},"end":{"line":87,"column":7}},"line":65},"9":{"name":"(anonymous_9)","decl":{"start":{"line":80,"column":18},"end":{"line":80,"column":19}},"loc":{"start":{"line":80,"column":39},"end":{"line":85,"column":11}},"line":80},"10":{"name":"(anonymous_10)","decl":{"start":{"line":87,"column":15},"end":{"line":87,"column":16}},"loc":{"start":{"line":87,"column":32},"end":{"line":89,"column":7}},"line":87},"11":{"name":"updateRecipe","decl":{"start":{"line":104,"column":20},"end":{"line":104,"column":32}},"loc":{"start":{"line":104,"column":43},"end":{"line":147,"column":5}},"line":104},"12":{"name":"(anonymous_12)","decl":{"start":{"line":116,"column":14},"end":{"line":116,"column":15}},"loc":{"start":{"line":116,"column":37},"end":{"line":141,"column":7}},"line":116},"13":{"name":"(anonymous_13)","decl":{"start":{"line":123,"column":42},"end":{"line":123,"column":43}},"loc":{"start":{"line":123,"column":67},"end":{"line":128,"column":11}},"line":123},"14":{"name":"(anonymous_14)","decl":{"start":{"line":128,"column":19},"end":{"line":128,"column":20}},"loc":{"start":{"line":128,"column":36},"end":{"line":133,"column":11}},"line":128},"15":{"name":"(anonymous_15)","decl":{"start":{"line":141,"column":15},"end":{"line":141,"column":16}},"loc":{"start":{"line":141,"column":32},"end":{"line":146,"column":7}},"line":141},"16":{"name":"deleteRecipe","decl":{"start":{"line":161,"column":20},"end":{"line":161,"column":32}},"loc":{"start":{"line":161,"column":43},"end":{"line":201,"column":5}},"line":161},"17":{"name":"(anonymous_17)","decl":{"start":{"line":167,"column":14},"end":{"line":167,"column":15}},"loc":{"start":{"line":167,"column":37},"end":{"line":195,"column":7}},"line":167},"18":{"name":"(anonymous_18)","decl":{"start":{"line":180,"column":18},"end":{"line":180,"column":19}},"loc":{"start":{"line":180,"column":30},"end":{"line":185,"column":11}},"line":180},"19":{"name":"(anonymous_19)","decl":{"start":{"line":185,"column":19},"end":{"line":185,"column":20}},"loc":{"start":{"line":185,"column":36},"end":{"line":187,"column":11}},"line":185},"20":{"name":"(anonymous_20)","decl":{"start":{"line":195,"column":15},"end":{"line":195,"column":16}},"loc":{"start":{"line":195,"column":32},"end":{"line":200,"column":7}},"line":195},"21":{"name":"getAllRecipes","decl":{"start":{"line":215,"column":20},"end":{"line":215,"column":33}},"loc":{"start":{"line":215,"column":44},"end":{"line":254,"column":5}},"line":215},"22":{"name":"(anonymous_22)","decl":{"start":{"line":217,"column":46},"end":{"line":217,"column":47}},"loc":{"start":{"line":217,"column":65},"end":{"line":227,"column":9}},"line":217},"23":{"name":"(anonymous_23)","decl":{"start":{"line":227,"column":17},"end":{"line":227,"column":18}},"loc":{"start":{"line":227,"column":34},"end":{"line":231,"column":9}},"line":227},"24":{"name":"(anonymous_24)","decl":{"start":{"line":234,"column":46},"end":{"line":234,"column":47}},"loc":{"start":{"line":234,"column":65},"end":{"line":247,"column":9}},"line":234},"25":{"name":"(anonymous_25)","decl":{"start":{"line":236,"column":38},"end":{"line":236,"column":39}},"loc":{"start":{"line":236,"column":54},"end":{"line":238,"column":13}},"line":236},"26":{"name":"(anonymous_26)","decl":{"start":{"line":247,"column":17},"end":{"line":247,"column":18}},"loc":{"start":{"line":247,"column":34},"end":{"line":252,"column":9}},"line":247},"27":{"name":"getAllUserRecipes","decl":{"start":{"line":268,"column":20},"end":{"line":268,"column":37}},"loc":{"start":{"line":268,"column":48},"end":{"line":304,"column":5}},"line":268},"28":{"name":"(anonymous_28)","decl":{"start":{"line":279,"column":14},"end":{"line":279,"column":15}},"loc":{"start":{"line":279,"column":34},"end":{"line":303,"column":7}},"line":279},"29":{"name":"(anonymous_29)","decl":{"start":{"line":290,"column":16},"end":{"line":290,"column":17}},"loc":{"start":{"line":290,"column":31},"end":{"line":300,"column":9}},"line":290},"30":{"name":"(anonymous_30)","decl":{"start":{"line":300,"column":17},"end":{"line":300,"column":18}},"loc":{"start":{"line":300,"column":29},"end":{"line":302,"column":9}},"line":300}},"branchMap":{"0":{"loc":{"start":{"line":7,"column":168},"end":{"line":7,"column":198}},"type":"binary-expr","locations":[{"start":{"line":7,"column":168},"end":{"line":7,"column":189}},{"start":{"line":7,"column":193},"end":{"line":7,"column":198}}],"line":7},"1":{"loc":{"start":{"line":7,"column":232},"end":{"line":7,"column":286}},"type":"if","locations":[{"start":{"line":7,"column":232},"end":{"line":7,"column":286}},{"start":{"line":7,"column":232},"end":{"line":7,"column":286}}],"line":7},"2":{"loc":{"start":{"line":7,"column":407},"end":{"line":7,"column":475}},"type":"if","locations":[{"start":{"line":7,"column":407},"end":{"line":7,"column":475}},{"start":{"line":7,"column":407},"end":{"line":7,"column":475}}],"line":7},"3":{"loc":{"start":{"line":7,"column":476},"end":{"line":7,"column":536}},"type":"if","locations":[{"start":{"line":7,"column":476},"end":{"line":7,"column":536}},{"start":{"line":7,"column":476},"end":{"line":7,"column":536}}],"line":7},"4":{"loc":{"start":{"line":13,"column":46},"end":{"line":13,"column":92}},"type":"cond-expr","locations":[{"start":{"line":13,"column":70},"end":{"line":13,"column":73}},{"start":{"line":13,"column":76},"end":{"line":13,"column":92}}],"line":13},"5":{"loc":{"start":{"line":13,"column":46},"end":{"line":13,"column":67}},"type":"binary-expr","locations":[{"start":{"line":13,"column":46},"end":{"line":13,"column":49}},{"start":{"line":13,"column":53},"end":{"line":13,"column":67}}],"line":13},"6":{"loc":{"start":{"line":15,"column":50},"end":{"line":15,"column":151}},"type":"if","locations":[{"start":{"line":15,"column":50},"end":{"line":15,"column":151}},{"start":{"line":15,"column":50},"end":{"line":15,"column":151}}],"line":15},"7":{"loc":{"start":{"line":47,"column":6},"end":{"line":49,"column":7}},"type":"if","locations":[{"start":{"line":47,"column":6},"end":{"line":49,"column":7}},{"start":{"line":47,"column":6},"end":{"line":49,"column":7}}],"line":47},"8":{"loc":{"start":{"line":50,"column":6},"end":{"line":52,"column":7}},"type":"if","locations":[{"start":{"line":50,"column":6},"end":{"line":52,"column":7}},{"start":{"line":50,"column":6},"end":{"line":52,"column":7}}],"line":50},"9":{"loc":{"start":{"line":53,"column":6},"end":{"line":55,"column":7}},"type":"if","locations":[{"start":{"line":53,"column":6},"end":{"line":55,"column":7}},{"start":{"line":53,"column":6},"end":{"line":55,"column":7}}],"line":53},"10":{"loc":{"start":{"line":56,"column":6},"end":{"line":58,"column":7}},"type":"if","locations":[{"start":{"line":56,"column":6},"end":{"line":58,"column":7}},{"start":{"line":56,"column":6},"end":{"line":58,"column":7}}],"line":56},"11":{"loc":{"start":{"line":66,"column":8},"end":{"line":71,"column":9}},"type":"if","locations":[{"start":{"line":66,"column":8},"end":{"line":71,"column":9}},{"start":{"line":66,"column":8},"end":{"line":71,"column":9}}],"line":66},"12":{"loc":{"start":{"line":72,"column":8},"end":{"line":86,"column":9}},"type":"if","locations":[{"start":{"line":72,"column":8},"end":{"line":86,"column":9}},{"start":{"line":72,"column":8},"end":{"line":86,"column":9}}],"line":72},"13":{"loc":{"start":{"line":117,"column":8},"end":{"line":134,"column":9}},"type":"if","locations":[{"start":{"line":117,"column":8},"end":{"line":134,"column":9}},{"start":{"line":117,"column":8},"end":{"line":134,"column":9}}],"line":117},"14":{"loc":{"start":{"line":119,"column":18},"end":{"line":119,"column":62}},"type":"cond-expr","locations":[{"start":{"line":119,"column":25},"end":{"line":119,"column":43}},{"start":{"line":119,"column":46},"end":{"line":119,"column":62}}],"line":119},"15":{"loc":{"start":{"line":120,"column":25},"end":{"line":120,"column":90}},"type":"cond-expr","locations":[{"start":{"line":120,"column":39},"end":{"line":120,"column":64}},{"start":{"line":120,"column":67},"end":{"line":120,"column":90}}],"line":120},"16":{"loc":{"start":{"line":121,"column":25},"end":{"line":121,"column":90}},"type":"cond-expr","locations":[{"start":{"line":121,"column":39},"end":{"line":121,"column":64}},{"start":{"line":121,"column":67},"end":{"line":121,"column":90}}],"line":121},"17":{"loc":{"start":{"line":135,"column":8},"end":{"line":140,"column":9}},"type":"if","locations":[{"start":{"line":135,"column":8},"end":{"line":140,"column":9}},{"start":{"line":135,"column":8},"end":{"line":140,"column":9}}],"line":135},"18":{"loc":{"start":{"line":168,"column":8},"end":{"line":173,"column":9}},"type":"if","locations":[{"start":{"line":168,"column":8},"end":{"line":173,"column":9}},{"start":{"line":168,"column":8},"end":{"line":173,"column":9}}],"line":168},"19":{"loc":{"start":{"line":174,"column":8},"end":{"line":188,"column":9}},"type":"if","locations":[{"start":{"line":174,"column":8},"end":{"line":188,"column":9}},{"start":{"line":174,"column":8},"end":{"line":188,"column":9}}],"line":174},"20":{"loc":{"start":{"line":189,"column":8},"end":{"line":194,"column":9}},"type":"if","locations":[{"start":{"line":189,"column":8},"end":{"line":194,"column":9}},{"start":{"line":189,"column":8},"end":{"line":194,"column":9}}],"line":189},"21":{"loc":{"start":{"line":216,"column":6},"end":{"line":232,"column":7}},"type":"if","locations":[{"start":{"line":216,"column":6},"end":{"line":232,"column":7}},{"start":{"line":216,"column":6},"end":{"line":232,"column":7}}],"line":216},"22":{"loc":{"start":{"line":218,"column":10},"end":{"line":223,"column":11}},"type":"if","locations":[{"start":{"line":218,"column":10},"end":{"line":223,"column":11}},{"start":{"line":218,"column":10},"end":{"line":223,"column":11}}],"line":218},"23":{"loc":{"start":{"line":224,"column":10},"end":{"line":226,"column":11}},"type":"if","locations":[{"start":{"line":224,"column":10},"end":{"line":226,"column":11}},{"start":{"line":224,"column":10},"end":{"line":226,"column":11}}],"line":224},"24":{"loc":{"start":{"line":233,"column":6},"end":{"line":253,"column":7}},"type":"if","locations":[{"start":{"line":233,"column":6},"end":{"line":253,"column":7}},{"start":{"line":233,"column":6},"end":{"line":253,"column":7}}],"line":233},"25":{"loc":{"start":{"line":235,"column":10},"end":{"line":243,"column":11}},"type":"if","locations":[{"start":{"line":235,"column":10},"end":{"line":243,"column":11}},{"start":{"line":235,"column":10},"end":{"line":243,"column":11}}],"line":235},"26":{"loc":{"start":{"line":244,"column":10},"end":{"line":246,"column":11}},"type":"if","locations":[{"start":{"line":244,"column":10},"end":{"line":246,"column":11}},{"start":{"line":244,"column":10},"end":{"line":246,"column":11}}],"line":244},"27":{"loc":{"start":{"line":271,"column":6},"end":{"line":273,"column":7}},"type":"if","locations":[{"start":{"line":271,"column":6},"end":{"line":273,"column":7}},{"start":{"line":271,"column":6},"end":{"line":273,"column":7}}],"line":271},"28":{"loc":{"start":{"line":280,"column":8},"end":{"line":285,"column":9}},"type":"if","locations":[{"start":{"line":280,"column":8},"end":{"line":285,"column":9}},{"start":{"line":280,"column":8},"end":{"line":285,"column":9}}],"line":280},"29":{"loc":{"start":{"line":291,"column":10},"end":{"line":293,"column":11}},"type":"if","locations":[{"start":{"line":291,"column":10},"end":{"line":293,"column":11}},{"start":{"line":291,"column":10},"end":{"line":293,"column":11}}],"line":291},"30":{"loc":{"start":{"line":294,"column":10},"end":{"line":299,"column":11}},"type":"if","locations":[{"start":{"line":294,"column":10},"end":{"line":299,"column":11}},{"start":{"line":294,"column":10},"end":{"line":299,"column":11}}],"line":294}},"s":{"0":1,"1":1,"2":1,"3":5,"4":5,"5":5,"6":5,"7":5,"8":5,"9":1,"10":1,"11":0,"12":1,"13":1,"14":1,"15":1,"16":1,"17":1,"18":0,"19":0,"20":1,"21":0,"22":1,"23":0,"24":0,"25":0,"26":0,"27":0,"28":0,"29":0,"30":0,"31":0,"32":0,"33":0,"34":0,"35":0,"36":0,"37":0,"38":0,"39":0,"40":0,"41":0,"42":0,"43":0,"44":0,"45":0,"46":0,"47":0,"48":0,"49":0,"50":0,"51":0,"52":0,"53":0,"54":0,"55":0,"56":0,"57":0,"58":0,"59":0,"60":0,"61":0,"62":0,"63":0,"64":0,"65":2,"66":1,"67":1,"68":1,"69":0,"70":0,"71":0,"72":2,"73":1,"74":1,"75":1,"76":2,"77":1,"78":0,"79":0,"80":0,"81":0,"82":0,"83":0,"84":0,"85":0,"86":0,"87":0,"88":0,"89":0,"90":0,"91":0,"92":0,"93":1,"94":1},"f":{"0":1,"1":1,"2":1,"3":1,"4":0,"5":1,"6":0,"7":0,"8":0,"9":0,"10":0,"11":0,"12":0,"13":0,"14":0,"15":0,"16":0,"17":0,"18":0,"19":0,"20":0,"21":2,"22":1,"23":0,"24":1,"25":2,"26":0,"27":0,"28":0,"29":0,"30":0},"b":{"0":[5,5],"1":[5,0],"2":[0,1],"3":[1,0],"4":[1,0],"5":[1,1],"6":[0,0],"7":[0,0],"8":[0,0],"9":[0,0],"10":[0,0],"11":[0,0],"12":[0,0],"13":[0,0],"14":[0,0],"15":[0,0],"16":[0,0],"17":[0,0],"18":[0,0],"19":[0,0],"20":[0,0],"21":[1,1],"22":[1,0],"23":[0,0],"24":[1,1],"25":[1,0],"26":[0,0],"27":[0,0],"28":[0,0],"29":[0,0],"30":[0,0]},"_coverageSchema":"332fd63041d2c1bcb487cc26dd0d5f7d97098a6c","hash":"62aa66f265f84f38184963107348a41868fabe9b","contentHash":"22630caa72938ece6e100666896eda9b_11.2.1"},"C:\\xampp\\htdocs\\More-Recipes\\server\\controllers\\controlReview.js":{"path":"C:\\xampp\\htdocs\\More-Recipes\\server\\controllers\\controlReview.js","statementMap":{"0":{"start":{"line":3,"column":0},"end":{"line":5,"column":3}},"1":{"start":{"line":7,"column":19},"end":{"line":7,"column":563}},"2":{"start":{"line":7,"column":76},"end":{"line":7,"column":347}},"3":{"start":{"line":7,"column":134},"end":{"line":7,"column":142}},"4":{"start":{"line":7,"column":144},"end":{"line":7,"column":199}},"5":{"start":{"line":7,"column":200},"end":{"line":7,"column":231}},"6":{"start":{"line":7,"column":232},"end":{"line":7,"column":286}},"7":{"start":{"line":7,"column":259},"end":{"line":7,"column":286}},"8":{"start":{"line":7,"column":287},"end":{"line":7,"column":345}},"9":{"start":{"line":7,"column":350},"end":{"line":7,"column":559}},"10":{"start":{"line":7,"column":407},"end":{"line":7,"column":475}},"11":{"start":{"line":7,"column":423},"end":{"line":7,"column":475}},"12":{"start":{"line":7,"column":476},"end":{"line":7,"column":536}},"13":{"start":{"line":7,"column":493},"end":{"line":7,"column":536}},"14":{"start":{"line":7,"column":537},"end":{"line":7,"column":556}},"15":{"start":{"line":9,"column":13},"end":{"line":9,"column":39}},"16":{"start":{"line":11,"column":14},"end":{"line":11,"column":44}},"17":{"start":{"line":13,"column":39},"end":{"line":13,"column":93}},"18":{"start":{"line":15,"column":50},"end":{"line":15,"column":151}},"19":{"start":{"line":15,"column":92},"end":{"line":15,"column":149}},"20":{"start":{"line":23,"column":13},"end":{"line":89,"column":3}},"21":{"start":{"line":25,"column":4},"end":{"line":25,"column":34}},"22":{"start":{"line":28,"column":2},"end":{"line":86,"column":6}},"23":{"start":{"line":40,"column":20},"end":{"line":40,"column":36}},"24":{"start":{"line":43,"column":6},"end":{"line":45,"column":7}},"25":{"start":{"line":44,"column":8},"end":{"line":44,"column":71}},"26":{"start":{"line":46,"column":6},"end":{"line":84,"column":9}},"27":{"start":{"line":47,"column":8},"end":{"line":49,"column":9}},"28":{"start":{"line":48,"column":10},"end":{"line":48,"column":95}},"29":{"start":{"line":50,"column":8},"end":{"line":81,"column":9}},"30":{"start":{"line":51,"column":10},"end":{"line":80,"column":13}},"31":{"start":{"line":57,"column":12},"end":{"line":74,"column":13}},"32":{"start":{"line":58,"column":30},"end":{"line":62,"column":15}},"33":{"start":{"line":63,"column":14},"end":{"line":73,"column":17}},"34":{"start":{"line":64,"column":16},"end":{"line":67,"column":19}},"35":{"start":{"line":69,"column":16},"end":{"line":72,"column":19}},"36":{"start":{"line":76,"column":12},"end":{"line":79,"column":15}},"37":{"start":{"line":83,"column":8},"end":{"line":83,"column":99}},"38":{"start":{"line":88,"column":2},"end":{"line":88,"column":16}},"39":{"start":{"line":91,"column":0},"end":{"line":91,"column":25}}},"fnMap":{"0":{"name":"(anonymous_0)","decl":{"start":{"line":7,"column":19},"end":{"line":7,"column":20}},"loc":{"start":{"line":7,"column":31},"end":{"line":7,"column":561}},"line":7},"1":{"name":"defineProperties","decl":{"start":{"line":7,"column":42},"end":{"line":7,"column":58}},"loc":{"start":{"line":7,"column":74},"end":{"line":7,"column":349}},"line":7},"2":{"name":"(anonymous_2)","decl":{"start":{"line":7,"column":357},"end":{"line":7,"column":358}},"loc":{"start":{"line":7,"column":405},"end":{"line":7,"column":558}},"line":7},"3":{"name":"_interopRequireDefault","decl":{"start":{"line":13,"column":9},"end":{"line":13,"column":31}},"loc":{"start":{"line":13,"column":37},"end":{"line":13,"column":95
[...]
olumn":9}}],"line":41},"8":{"loc":{"start":{"line":44,"column":8},"end":{"line":147,"column":9}},"type":"if","locations":[{"start":{"line":44,"column":8},"end":{"line":147,"column":9}},{"start":{"line":44,"column":8},"end":{"line":147,"column":9}}],"line":44},"9":{"loc":{"start":{"line":52,"column":12},"end":{"line":137,"column":13}},"type":"if","locations":[{"start":{"line":52,"column":12},"end":{"line":137,"column":13}},{"start":{"line":52,"column":12},"end":{"line":137,"column":13}}],"line":52},"10":{"loc":{"start":{"line":62,"column":16},"end":{"line":89,"column":17}},"type":"if","locations":[{"start":{"line":62,"column":16},"end":{"line":89,"column":17}},{"start":{"line":62,"column":16},"end":{"line":89,"column":17}}],"line":62},"11":{"loc":{"start":{"line":70,"column":22},"end":{"line":72,"column":23}},"type":"if","locations":[{"start":{"line":70,"column":22},"end":{"line":72,"column":23}},{"start":{"line":70,"column":22},"end":{"line":72,"column":23}}],"line":70},"12":{"loc":{"start":{"line":73,"column":22},"end":{"line":76,"column":23}},"type":"if","locations":[{"start":{"line":73,"column":22},"end":{"line":76,"column":23}},{"start":{"line":73,"column":22},"end":{"line":76,"column":23}}],"line":73},"13":{"loc":{"start":{"line":90,"column":16},"end":{"line":130,"column":17}},"type":"if","locations":[{"start":{"line":90,"column":16},"end":{"line":130,"column":17}},{"start":{"line":90,"column":16},"end":{"line":130,"column":17}}],"line":90},"14":{"loc":{"start":{"line":104,"column":24},"end":{"line":108,"column":25}},"type":"if","locations":[{"start":{"line":104,"column":24},"end":{"line":108,"column":25}},{"start":{"line":104,"column":24},"end":{"line":108,"column":25}}],"line":104},"15":{"loc":{"start":{"line":109,"column":24},"end":{"line":111,"column":25}},"type":"if","locations":[{"start":{"line":109,"column":24},"end":{"line":111,"column":25}},{"start":{"line":109,"column":24},"end":{"line":111,"column":25}}],"line":109},"16":{"loc":{"start":{"line":138,"column":12},"end":{"line":140,"column":13}},"type":"if","locations":[{"start":{"line":138,"column":12},"end":{"line":140,"column":13}},{"start":{"line":138,"column":12},"end":{"line":140,"column":13}}],"line":138},"17":{"loc":{"start":{"line":170,"column":8},"end":{"line":172,"column":9}},"type":"if","locations":[{"start":{"line":170,"column":8},"end":{"line":172,"column":9}},{"start":{"line":170,"column":8},"end":{"line":172,"column":9}}],"line":170},"18":{"loc":{"start":{"line":173,"column":8},"end":{"line":275,"column":9}},"type":"if","locations":[{"start":{"line":173,"column":8},"end":{"line":275,"column":9}},{"start":{"line":173,"column":8},"end":{"line":275,"column":9}}],"line":173},"19":{"loc":{"start":{"line":181,"column":12},"end":{"line":265,"column":13}},"type":"if","locations":[{"start":{"line":181,"column":12},"end":{"line":265,"column":13}},{"start":{"line":181,"column":12},"end":{"line":265,"column":13}}],"line":181},"20":{"loc":{"start":{"line":191,"column":16},"end":{"line":218,"column":17}},"type":"if","locations":[{"start":{"line":191,"column":16},"end":{"line":218,"column":17}},{"start":{"line":191,"column":16},"end":{"line":218,"column":17}}],"line":191},"21":{"loc":{"start":{"line":199,"column":22},"end":{"line":201,"column":23}},"type":"if","locations":[{"start":{"line":199,"column":22},"end":{"line":201,"column":23}},{"start":{"line":199,"column":22},"end":{"line":201,"column":23}}],"line":199},"22":{"loc":{"start":{"line":202,"column":22},"end":{"line":205,"column":23}},"type":"if","locations":[{"start":{"line":202,"column":22},"end":{"line":205,"column":23}},{"start":{"line":202,"column":22},"end":{"line":205,"column":23}}],"line":202},"23":{"loc":{"start":{"line":219,"column":16},"end":{"line":258,"column":17}},"type":"if","locations":[{"start":{"line":219,"column":16},"end":{"line":258,"column":17}},{"start":{"line":219,"column":16},"end":{"line":258,"column":17}}],"line":219},"24":{"loc":{"start":{"line":232,"column":24},"end":{"line":236,"column":25}},"type":"if","locations":[{"start":{"line":232,"column":24},"end":{"line":236,"column":25}},{"start":{"line":232,"column":24},"end":{"line":236,"column":25}}],"line":232},"25":{"loc":{"start":{"line":237,"column":24},"end":{"line":239,"column":25}},"type":"if","locations":[{"start":{"line":237,"column":24},"end":{"line":239,"column":25}},{"start":{"line":237,"column":24},"end":{"line":239,"column":25}}],"line":237},"26":{"loc":{"start":{"line":266,"column":12},"end":{"line":268,"column":13}},"type":"if","locations":[{"start":{"line":266,"column":12},"end":{"line":268,"column":13}},{"start":{"line":266,"column":12},"end":{"line":268,"column":13}}],"line":266}},"s":{"0":1,"1":1,"2":1,"3":2,"4":2,"5":2,"6":2,"7":2,"8":2,"9":1,"10":1,"11":0,"12":1,"13":1,"14":1,"15":1,"16":1,"17":1,"18":0,"19":0,"20":1,"21":0,"22":1,"23":0,"24":0,"25":0,"26":0,"27":0,"28":0,"29":0,"30":0,"31":0,"32":0,"33":0,"34":0,"35":0,"36":0,"37":0,"38":0,"39":0,"40":0,"41":0,"42":0,"43":0,"44":0,"45":0,"46":0,"47":0,"48":0,"49":0,"50":0,"51":0,"52":0,"53":0,"54":0,"55":0,"56":0,"57":0,"58":0,"59":0,"60":0,"61":0,"62":0,"63":0,"64":0,"65":0,"66":0,"67":0,"68":0,"69":0,"70":0,"71":0,"72":0,"73":0,"74":0,"75":0,"76":0,"77":0,"78":0,"79":0,"80":0,"81":0,"82":0,"83":0,"84":0,"85":0,"86":0,"87":0,"88":0,"89":0,"90":0,"91":0,"92":0,"93":0,"94":0,"95":0,"96":0,"97":1,"98":1},"f":{"0":1,"1":1,"2":1,"3":1,"4":0,"5":1,"6":0,"7":0,"8":0,"9":0,"10":0,"11":0,"12":0,"13":0,"14":0,"15":0,"16":0,"17":0,"18":0,"19":0,"20":0,"21":0,"22":0,"23":0,"24":0,"25":0,"26":0,"27":0,"28":0,"29":0,"30":0,"31":0,"32":0,"33":0,"34":0,"35":0,"36":0,"37":0,"38":0,"39":0,"40":0},"b":{"0":[2,2],"1":[2,0],"2":[0,1],"3":[1,0],"4":[1,0],"5":[1,1],"6":[0,0],"7":[0,0],"8":[0,0],"9":[0,0],"10":[0,0],"11":[0,0],"12":[0,0],"13":[0,0],"14":[0,0],"15":[0,0],"16":[0,0],"17":[0,0],"18":[0,0],"19":[0,0],"20":[0,0],"21":[0,0],"22":[0,0],"23":[0,0],"24":[0,0],"25":[0,0],"26":[0,0]},"_coverageSchema":"332fd63041d2c1bcb487cc26dd0d5f7d97098a6c","hash":"3a178c6c1e4a017bb1bd89d31bc307ac4d4888c9","contentHash":"61d2b214883105c318182dec7d4b8818_11.2.1"},"C:\\xampp\\htdocs\\More-Recipes\\server\\controllers\\controlFavourite.js":{"path":"C:\\xampp\\htdocs\\More-Recipes\\server\\controllers\\controlFavourite.js","statementMap":{"0":{"start":{"line":3,"column":0},"end":{"line":5,"column":3}},"1":{"start":{"line":7,"column":19},"end":{"line":7,"column":563}},"2":{"start":{"line":7,"column":76},"end":{"line":7,"column":347}},"3":{"start":{"line":7,"column":134},"end":{"line":7,"column":142}},"4":{"start":{"line":7,"column":144},"end":{"line":7,"column":199}},"5":{"start":{"line":7,"column":200},"end":{"line":7,"column":231}},"6":{"start":{"line":7,"column":232},"end":{"line":7,"column":286}},"7":{"start":{"line":7,"column":259},"end":{"line":7,"column":286}},"8":{"start":{"line":7,"column":287},"end":{"line":7,"column":345}},"9":{"start":{"line":7,"column":350},"end":{"line":7,"column":559}},"10":{"start":{"line":7,"column":407},"end":{"line":7,"column":475}},"11":{"start":{"line":7,"column":423},"end":{"line":7,"column":475}},"12":{"start":{"line":7,"column":476},"end":{"line":7,"column":536}},"13":{"start":{"line":7,"column":493},"end":{"line":7,"column":536}},"14":{"start":{"line":7,"column":537},"end":{"line":7,"column":556}},"15":{"start":{"line":9,"column":13},"end":{"line":9,"column":39}},"16":{"start":{"line":11,"column":14},"end":{"line":11,"column":44}},"17":{"start":{"line":13,"column":39},"end":{"line":13,"column":93}},"18":{"start":{"line":15,"column":50},"end":{"line":15,"column":151}},"19":{"start":{"line":15,"column":92},"end":{"line":15,"column":149}},"20":{"start":{"line":23,"column":16},"end":{"line":115,"column":3}},"21":{"start":{"line":25,"column":4},"end":{"line":25,"column":37}},"22":{"start":{"line":28,"column":2},"end":{"line":112,"column":6}},"23":{"start":{"line":40,"column":6},"end":{"line":73,"column":9}},"24":{"start":{"line":41,"column":8},"end":{"line":43,"column":9}},"25":{"start":{"line":42,"column":10},"end":{"line":42,"column":89}},"26":{"start":{"line":45,"column":8},"end":{"line":70,"column":11}},"27":{"start":{"line":51,"column":10},"end":{"line":56,"column":11}},"28":{"start":{"line":52,"column":12},"end":{"line":55,"column":15}},"29":{"start":{"line":57,"column":10},"end":{"line":67,"column":13}},"30":{"start":{"line":61,"column":12},"end":{"line":64,"column":15}},"31":{"start":{"line":66,"column":12},"end":{"line":66,"column":98}},"32":{"start":{"line":69,"column":10},"end":{"line":69,"column":77}},"33":{"start":{"line":72,"column":8},"end":{"line":72,"column":82}},"34":{"start":{"line":88,"column":6},"end":{"line":110,"column":9}},"35":{"start":{"line":96,"column":8},"end":{"line":101,"column":9}},"36":{"start":{"line":97,"column":10},"end":{"line":100,"column":13}},"37":{"start":{"line":102,"column":8},"end":{"line":107,"column":9}},"38":{"start":{"line":103,"column":10},"end":{"line":106,"column":13}},"39":{"start":{"line":109,"column":8},"end":{"line":109,"column":65}},"40":{"start":{"line":114,"column":2},"end":{"line":114,"column":19}},"41":{"start":{"line":117,"column":0},"end":{"line":117,"column":28}}},"fnMap":{"0":{"name":"(anonymous_0)","decl":{"start":{"line":7,"column":19},"end":{"line":7,"column":20}},"loc":{"start":{"line":7,"column":31},"end":{"line":7,"column":561}},"line":7},"1":{"name":"defineProperties","decl":{"start":{"line":7,"column":42},"end":{"line":7,"column":58}},"loc":{"start":{"line":7,"column":74},"end":{"line":7,"column":349}},"line":7},"2":{"name":"(anonymous_2)","decl":{"start":{"line":7,"column":357},"end":{"line":7,"column":358}},"loc":{"start":{"line":7,"column":405},"end":{"line":7,"column":558}},"line":7},"3":{"name":"_interopRequireDefault","decl":{"start":{"line":13,"column":9},"end":{"line":13,"column":31}},"loc":{"start":{"line":13,"column":37},"end":{"line":13,"column":95}},"line":13},"4":{"name":"_classCallCheck","decl":{"start":{"line":15,"column":9},"end":{"line":15,"column":24}},"loc":{"start":{"line":15,"column":48},"end":{"line":15,"column":153}},"line":15},"5":{"name":"(anonymous_5)","decl":{"start":{"line":23,"column":16},"end":{"line":23,"column":17}},"loc":{"start":{"line":23,"column":28},"end":{"line":115,"column":1}},"line":23},"6":{"name":"Favourite","decl":{"start":{"line":24,"column":11},"end":{"line":24,"column":20}},"loc":{"start":{"line":24,"column":23},"end":{"line":26,"column":3}},"line":24},"7":{"name":"addFavourite","decl":{"start":{"line":39,"column":20},"end":{"line":39,"column":32}},"loc":{"start":{"line":39,"column":43},"end":{"line":74,"column":5}},"line":39},"8":{"name":"(anonymous_8)","decl":{"start":{"line":40,"column":64},"end":{"line":40,"column":65}},"loc":{"start":{"line":40,"column":81},"end":{"line":71,"column":7}},"line":40},"9":{"name":"(anonymous_9)","decl":{"start":{"line":50,"column":16},"end":{"line":50,"column":17}},"loc":{"start":{"line":50,"column":39},"end":{"line":68,"column":9}},"line":50},"10":{"name":"(anonymous_10)","decl":{"start":{"line":60,"column":18},"end":{"line":60,"column":19}},"loc":{"start":{"line":60,"column":30},"end":{"line":65,"column":11}},"line":60},"11":{"name":"(anonymous_11)","decl":{"start":{"line":65,"column":19},"end":{"line":65,"column":20}},"loc":{"start":{"line":65,"column":31},"end":{"line":67,"column":11}},"line":65},"12":{"name":"(anonymous_12)","decl":{"start":{"line":68,"column":17},"end":{"line":68,"column":18}},"loc":{"start":{"line":68,"column":29},"end":{"line":70,"column":9}},"line":68},"13":{"name":"(anonymous_13)","decl":{"start":{"line":71,"column":15},"end":{"line":71,"column":16}},"loc":{"start":{"line":71,"column":27},"end":{"line":73,"column":7}},"line":71},"14":{"name":"getAllFavourites","decl":{"start":{"line":87,"column":20},"end":{"line":87,"column":36}},"loc":{"start":{"line":87,"column":47},"end":{"line":111,"column":5}},"line":87},"15":{"name":"(anonymous_15)","decl":{"start":{"line":95,"column":14},"end":{"line":95,"column":15}},"loc":{"start":{"line":95,"column":31},"end":{"line":108,"column":7}},"line":95},"16":{"name":"(anonymous_16)","decl":{"start":{"line":108,"column":15},"end":{"line":108,"column":16}},"loc":{"start":{"line":108,"column":27},"end":{"line":110,"column":7}},"line":108}},"branchMap":{"0":{"loc":{"start":{"line":7,"column":168},"end":{"line":7,"column":198}},"type":"binary-expr","locations":[{"start":{"line":7,"column":168},"end":{"line":7,"column":189}},{"start":{"line":7,"column":193},"end":{"line":7,"column":198}}],"line":7},"1":{"loc":{"start":{"line":7,"column":232},"end":{"line":7,"column":286}},"type":"if","locations":[{"start":{"line":7,"column":232},"end":{"line":7,"column":286}},{"start":{"line":7,"column":232},"end":{"line":7,"column":286}}],"line":7},"2":{"loc":{"start":{"line":7,"column":407},"end":{"line":7,"column":475}},"type":"if","locations":[{"start":{"line":7,"column":407},"end":{"line":7,"column":475}},{"start":{"line":7,"column":407},"end":{"line":7,"column":475}}],"line":7},"3":{"loc":{"start":{"line":7,"column":476},"end":{"line":7,"column":536}},"type":"if","locations":[{"start":{"line":7,"column":476},"end":{"line":7,"column":536}},{"start":{"line":7,"column":476},"end":{"line":7,"column":536}}],"line":7},"4":{"loc":{"start":{"line":13,"column":46},"end":{"line":13,"column":92}},"type":"cond-expr","locations":[{"start":{"line":13,"column":70},"end":{"line":13,"column":73}},{"start":{"line":13,"column":76},"end":{"line":13,"column":92}}],"line":13},"5":{"loc":{"start":{"line":13,"column":46},"end":{"line":13,"column":67}},"type":"binary-expr","locations":[{"start":{"line":13,"column":46},"end":{"line":13,"column":49}},{"start":{"line":13,"column":53},"end":{"line":13,"column":67}}],"line":13},"6":{"loc":{"start":{"line":15,"column":50},"end":{"line":15,"column":151}},"type":"if","locations":[{"start":{"line":15,"column":50},"end":{"line":15,"column":151}},{"start":{"line":15,"column":50},"end":{"line":15,"column":151}}],"line":15},"7":{"loc":{"start":{"line":41,"column":8},"end":{"line":43,"column":9}},"type":"if","locations":[{"start":{"line":41,"column":8},"end":{"line":43,"column":9}},{"start":{"line":41,"column":8},"end":{"line":43,"column":9}}],"line":41},"8":{"loc":{"start":{"line":51,"column":10},"end":{"line":56,"column":11}},"type":"if","locations":[{"start":{"line":51,"column":10},"end":{"line":56,"column":11}},{"start":{"line":51,"column":10},"end":{"line":56,"column":11}}],"line":51},"9":{"loc":{"start":{"line":96,"column":8},"end":{"line":101,"column":9}},"type":"if","locations":[{"start":{"line":96,"column":8},"end":{"line":101,"column":9}},{"start":{"line":96,"column":8},"end":{"line":101,"column":9}}],"line":96},"10":{"loc":{"start":{"line":102,"column":8},"end":{"line":107,"column":9}},"type":"if","locations":[{"start":{"line":102,"column":8},"end":{"line":107,"column":9}},{"start":{"line":102,"column":8},"end":{"line":107,"column":9}}],"line":102}},"s":{"0":1,"1":1,"2":1,"3":2,"4":2,"5":2,"6":2,"7":2,"8":2,"9":1,"10":1,"11":0,"12":1,"13":1,"14":1,"15":1,"16":1,"17":1,"18":0,"19":0,"20":1,"21":0,"22":1,"23":0,"24":0,"25":0,"26":0,"27":0,"28":0,"29":0,"30":0,"31":0,"32":0,"33":0,"34":0,"35":0,"36":0,"37":0,"38":0,"39":0,"40":1,"41":1},"f":{"0":1,"1":1,"2":1,"3":1,"4":0,"5":1,"6":0,"7":0,"8":0,"9":0,"10":0,"11":0,"12":0,"13":0,"14":0,"15":0,"16":0},"b":{"0":[2,2],"1":[2,0],"2":[0,1],"3":[1,0],"4":[1,0],"5":[1,1],"6":[0,0],"7":[0,0],"8":[0,0],"9":[0,0],"10":[0,0]},"_coverageSchema":"332fd63041d2c1bcb487cc26dd0d5f7d97098a6c","hash":"1934ee0c725817e92bea87160264108644f6c60b","contentHash":"c9b5dfbc9ee35691751f2339b6249e0f_11.2.1"},"C:\\xampp\\htdocs\\More-Recipes\\server\\middlewares\\authenticateUser.js":{"path":"C:\\xampp\\htdocs\\More-Recipes\\server\\middlewares\\authenticateUser.js","statementMap":{"0":{"start":{"line":3,"column":0},"end":{"line":5,"column":3}},"1":{"start":{"line":6,"column":19},"end":{"line":13,"column":1}},"2":{"start":{"line":7,"column":2},"end":{"line":7,"column":69}},"3":{"start":{"line":8,"column":2},"end":{"line":11,"column":3}},"4":{"start":{"line":9,"column":14},"end":{"line":9,"column":88}},"5":{"start":{"line":10,"column":4},"end":{"line":10,"column":21}},"6":{"start":{"line":12,"column":2},"end":{"line":12,"column":16}},"7":{"start":{"line":15,"column":0},"end":{"line":15,"column":31}}},"fnMap":{"0":{"name":"extractToken","decl":{"start":{"line":6,"column":28},"end":{"line":6,"column":40}},"loc":{"start":{"line":6,"column":57},"end":{"line":13,"column":1}},"line":6}},"branchMap":{"0":{"loc":{"start":{"line":7,"column":14},"end":{"line":7,"column":68}},"type":"binary-expr","locations":[{"start":{"line":7,"column":14},"end":{"line":7,"column":28}},{"start":{"line":7,"column":32},"end":{"line":7,"column":49}},{"start":{"line":7,"column":53},"end":{"line":7,"column":68}}],"line":7},"1":{"loc":{"start":{"line":8,"column":2},"end":{"line":11,"column":3}},"type":"if","locations":[{"start":{"line":8,"column":2},"end":{"line":11,"column":3}},{"start":{"line":8,"column":2},"end":{"line":11,"column":3}}],"line":8}},"s":{"0":1,"1":1,"2":5,"3":5,"4":5,"5":5,"6":0,"7":1},"f":{"0":5},"b":{"0":[5,5,5],"1":[5,0]},"_coverageSchema":"332fd63041d2c1bcb487cc26dd0d5f7d97098a6c","hash":"b786259f19350de9d9aeaec9cae1de3aa29e4777","contentHash":"e0036924bc5edf62348d35771a780756_11.2.1"},"C:\\xampp\\htdocs\\More-Recipes\\server\\middlewares\\allowUser.js":{"path":"C:\\xampp\\htdocs\\More-Recipes\\server\\middlewares\\allowUser.js","statementMap":{"0":{"start":{"line":3,"column":0},"end":{"line":5,"column":3}},"1":{"start":{"line":7,"column":20},"end":{"line":7,"column":43}},"2":{"start":{"line":9,"column":21},"end":{"line":9,"column":58}},"3":{"start":{"line":11,"column":39},"end":{"line":11,"column":93}},"4":{"start":{"line":13,"column":18},"end":{"line":27,"column":1}},"5":{"start":{"line":14,"column":22},"end":{"line":14,"column":28}},"6":{"start":{"line":15,"column":2},"end":{"line":20,"column":3}},"7":{"start":{"line":16,"column":4},"end":{"line":16,"column":78}},"8":{"start":{"line":18,"column":14},"end":{"line":18,"column":50}},"9":{"start":{"line":19,"column":4},"end":{"line":19,"column":21}},"10":{"start":{"line":21,"column":2},"end":{"line":24,"column":3}},"11":{"start":{"line":22,"column":15},"end":{"line":22,"column":70}},"12":{"start":{"line":23,"column":4},"end":{"line":23,"column":22}},"13":{"start":{"line":25,"column":2},"end":{"line":25,"column":32}},"14":{"start":{"line":26,"column":2},"end":{"line":26,"column":16}},"15":{"start":{"line":29,"column":0},"end":{"line":29,"column":30}}},"fnMap":{"0":{"name":"_interopRequireDefault","decl":{"start":{"line":11,"column":9},"end":{"line":11,"column":31}},"loc":{"start":{"line":11,"column":37},"end":{"line":11,"column":95}},"line":11},"1":{"name":"verifyToken","decl":{"start":{"line":13,"column":27},"end":{"line":13,"column":38}},"loc":{"start":{"line":13,"column":55},"end":{"line":27,"column":1}},"line":13}},"branchMap":{"0":{"loc":{"start":{"line":11,"column":46},"end":{"line":11,"column":92}},"type":"cond-expr","locations":[{"start":{"line":11,"column":70},"end":{"line":11,"column":73}},{"start":{"line":11,"column":76},"end":{"line":11,"column":92}}],"line":11},"1":{"loc":{"start":{"line":11,"column":46},"end":{"line":11,"column":67}},"type":"binary-expr","locations":[{"start":{"line":11,"column":46},"end":{"line":11,"column":49}},{"start":{"line":11,"column":53},"end":{"line":11,"column":67}}],"line":11},"2":{"loc":{"start":{"line":21,"column":2},"end":{"line":24,"column":3}},"type":"if","locations":[{"start":{"line":21,"column":2},"end":{"line":24,"column":3}},{"start":{"line":21,"column":2},"end":{"line":24,"column":3}}],"line":21}},"s":{"0":1,"1":1,"2":1,"3":1,"4":1,"5":0,"6":0,"7":0,"8":0,"9":0,"10":0,"11":0,"12":0,"13":0,"14":0,"15":1},"f":{"0":1,"1":0},"b":{"0":[0,1],"1":[1,1],"2":[0,0]},"_coverageSchema":"332fd63041d2c1bcb487cc26dd0d5f7d97098a6c","hash":"442f6ce515e3100b882060921e7fb94d21975bea","contentHash":"31ba1d813f2a29eaf27c9e86dbdc8307_11.2.1"}}