<?xml version="1.0" encoding="UTF-8"?>
<coverage generated="1517087590245" clover="3.2.0">
  <project timestamp="1517087590245" name="All files">
    <metrics statements="108" coveredstatements="58" conditionals="28" coveredconditionals="8" methods="37" coveredmethods="9" elements="173" coveredelements="75" complexity="0" loc="108" ncloc="108" packages="4" files="12" classes="12">
      <package name="actions">
        <metrics statements="52" coveredstatements="32" conditionals="0" coveredconditionals="0" methods="16" coveredmethods="0"/>
        <file name="actionTypes.js" path="/Users/nkoyoating/Desktop/More-Recipes/client/src/actions/actionTypes.js">
          <metrics statements="23" coveredstatements="23" conditionals="0" coveredconditionals="0" methods="0" coveredmethods="0"/>
          <line num="1" count="3" type="stmt"/>
          <line num="2" count="3" type="stmt"/>
          <line num="4" count="3" type="stmt"/>
          <line num="5" count="3" type="stmt"/>
          <line num="6" count="3" type="stmt"/>
          <line num="7" count="3" type="stmt"/>
          <line num="9" count="3" type="stmt"/>
          <line num="10" count="3" type="stmt"/>
          <line num="12" count="3" type="stmt"/>
          <line num="13" count="3" type="stmt"/>
          <line num="14" count="3" type="stmt"/>
          <line num="16" count="3" type="stmt"/>
          <line num="17" count="3" type="stmt"/>
          <line num="19" count="3" type="stmt"/>
          <line num="20" count="3" type="stmt"/>
          <line num="22" count="3" type="stmt"/>
          <line num="23" count="3" type="stmt"/>
          <line num="25" count="3" type="stmt"/>
          <line num="26" count="3" type="stmt"/>
          <line num="28" count="3" type="stmt"/>
          <line num="29" count="3" type="stmt"/>
          <line num="31" count="3" type="stmt"/>
          <line num="32" count="3" type="stmt"/>
        </file>
        <file name="fetching.js" path="/Users/nkoyoating/Desktop/More-Recipes/client/src/actions/fetching.js">
          <metrics statements="2" coveredstatements="2" conditionals="0" coveredconditionals="0" methods="2" coveredmethods="0"/>
          <line num="4" count="2" type="stmt"/>
          <line num="8" count="2" type="stmt"/>
        </file>
        <file name="recipes.js" path="/Users/nkoyoating/Desktop/More-Recipes/client/src/actions/recipes.js">
          <metrics statements="9" coveredstatements="2" conditionals="0" coveredconditionals="0" methods="5" coveredmethods="0"/>
          <line num="6" count="1" type="stmt"/>
          <line num="12" count="1" type="stmt"/>
          <line num="13" count="0" type="stmt"/>
          <line num="14" count="0" type="stmt"/>
          <line num="16" count="0" type="stmt"/>
          <line num="17" count="0" type="stmt"/>
          <line num="18" count="0" type="stmt"/>
          <line num="20" count="0" type="stmt"/>
          <line num="21" count="0" type="stmt"/>
        </file>
        <file name="signout.js" path="/Users/nkoyoating/Desktop/More-Recipes/client/src/actions/signout.js">
          <metrics statements="6" coveredstatements="2" conditionals="0" coveredconditionals="0" methods="3" coveredmethods="0"/>
          <line num="5" count="1" type="stmt"/>
          <line num="9" count="1" type="stmt"/>
          <line num="10" count="0" type="stmt"/>
          <line num="11" count="0" type="stmt"/>
          <line num="12" count="0" type="stmt"/>
          <line num="18" count="0" type="stmt"/>
        </file>
        <file name="userSignIn.js" path="/Users/nkoyoating/Desktop/More-Recipes/client/src/actions/userSignIn.js">
          <metrics statements="12" coveredstatements="3" conditionals="0" coveredconditionals="0" methods="6" coveredmethods="0"/>
          <line num="6" count="1" type="stmt"/>
          <line num="13" count="1" type="stmt"/>
          <line num="20" count="1" type="stmt"/>
          <line num="21" count="0" type="stmt"/>
          <line num="22" count="0" type="stmt"/>
          <line num="24" count="0" type="stmt"/>
          <line num="25" count="0" type="stmt"/>
          <line num="26" count="0" type="stmt"/>
          <line num="27" count="0" type="stmt"/>
          <line num="29" count="0" type="stmt"/>
          <line num="30" count="0" type="stmt"/>
          <line num="31" count="0" type="stmt"/>
        </file>
      </package>
      <package name="components">
        <metrics statements="41" coveredstatements="21" conditionals="18" coveredconditionals="6" methods="19" coveredmethods="8"/>
        <file name="Footer.jsx" path="/Users/nkoyoating/Desktop/More-Recipes/client/src/components/Footer.jsx">
          <metrics statements="2" coveredstatements="2" conditionals="0" coveredconditionals="0" methods="1" coveredmethods="1"/>
          <line num="3" count="1" type="stmt"/>
          <line num="4" count="1" type="stmt"/>
        </file>
        <file name="Header.jsx" path="/Users/nkoyoating/Desktop/More-Recipes/client/src/components/Header.jsx">
          <metrics statements="7" coveredstatements="5" conditionals="6" coveredconditionals="5" methods="5" coveredmethods="3"/>
          <line num="12" count="1" type="stmt"/>
          <line num="13" count="1" type="stmt"/>
          <line num="50" count="0" type="stmt"/>
          <line num="67" count="1" type="stmt"/>
          <line num="73" count="2" type="stmt"/>
          <line num="77" count="2" type="stmt"/>
          <line num="79" count="0" type="stmt"/>
        </file>
        <file name="RecipeGallery.jsx" path="/Users/nkoyoating/Desktop/More-Recipes/client/src/components/RecipeGallery.jsx">
          <metrics statements="3" coveredstatements="3" conditionals="0" coveredconditionals="0" methods="1" coveredmethods="1"/>
          <line num="8" count="1" type="stmt"/>
          <line num="9" count="2" type="stmt"/>
          <line num="25" count="1" type="stmt"/>
        </file>
        <file name="Recipes.jsx" path="/Users/nkoyoating/Desktop/More-Recipes/client/src/components/Recipes.jsx">
          <metrics statements="7" coveredstatements="7" conditionals="2" coveredconditionals="1" methods="4" coveredmethods="3"/>
          <line num="24" count="3" type="stmt"/>
          <line num="33" count="3" type="cond" truecount="1" falsecount="1"/>
          <line num="35" count="3" type="stmt"/>
          <line num="36" count="2" type="stmt"/>
          <line num="41" count="3" type="stmt"/>
          <line num="49" count="1" type="stmt"/>
          <line num="54" count="1" type="stmt"/>
        </file>
        <file name="Signin.jsx" path="/Users/nkoyoating/Desktop/More-Recipes/client/src/components/Signin.jsx">
          <metrics statements="22" coveredstatements="4" conditionals="10" coveredconditionals="0" methods="8" coveredmethods="0"/>
          <line num="25" count="0" type="stmt"/>
          <line num="26" count="0" type="stmt"/>
          <line num="31" count="0" type="stmt"/>
          <line num="32" count="0" type="stmt"/>
          <line num="41" count="0" type="stmt"/>
          <line num="50" count="0" type="stmt"/>
          <line num="51" count="0" type="cond" truecount="0" falsecount="2"/>
          <line num="52" count="0" type="stmt"/>
          <line num="54" count="0" type="stmt"/>
          <line num="65" count="0" type="stmt"/>
          <line num="66" count="0" type="stmt"/>
          <line num="67" count="0" type="cond" truecount="0" falsecount="2"/>
          <line num="68" count="0" type="stmt"/>
          <line num="79" count="0" type="stmt"/>
          <line num="82" count="0" type="cond" truecount="0" falsecount="2"/>
          <line num="83" count="0" type="stmt"/>
          <line num="87" count="0" type="stmt"/>
          <line num="129" count="1" type="stmt"/>
          <line num="134" count="1" type="stmt"/>
          <line num="138" count="1" type="stmt"/>
          <line num="140" count="0" type="stmt"/>
          <line num="144" count="1" type="stmt"/>
        </file>
      </package>
      <package name="reducers">
        <metrics statements="8" coveredstatements="4" conditionals="6" coveredconditionals="2" methods="1" coveredmethods="1"/>
        <file name="auth.js" path="/Users/nkoyoating/Desktop/More-Recipes/client/src/reducers/auth.js">
          <metrics statements="8" coveredstatements="4" conditionals="6" coveredconditionals="2" methods="1" coveredmethods="1"/>
          <line num="7" count="1" type="stmt"/>
          <line num="11" count="1" type="cond" truecount="1" falsecount="0"/>
          <line num="12" count="1" type="cond" truecount="1" falsecount="4"/>
          <line num="14" count="0" type="stmt"/>
          <line num="22" count="0" type="stmt"/>
          <line num="28" count="0" type="stmt"/>
          <line num="36" count="0" type="stmt"/>
          <line num="43" count="1" type="stmt"/>
        </file>
      </package>
      <package name="validation">
        <metrics statements="7" coveredstatements="1" conditionals="4" coveredconditionals="0" methods="1" coveredmethods="0"/>
        <file name="signinValidator.js" path="/Users/nkoyoating/Desktop/More-Recipes/client/src/validation/signinValidator.js">
          <metrics statements="7" coveredstatements="1" conditionals="4" coveredconditionals="0" methods="1" coveredmethods="0"/>
          <line num="4" count="1" type="stmt"/>
          <line num="5" count="0" type="stmt"/>
          <line num="6" count="0" type="cond" truecount="0" falsecount="2"/>
          <line num="7" count="0" type="stmt"/>
          <line num="10" count="0" type="cond" truecount="0" falsecount="2"/>
          <line num="11" count="0" type="stmt"/>
          <line num="13" count="0" type="stmt"/>
        </file>
      </package>
    </metrics>
  </project>
</coverage>
