{"/Users/nkoyoating/Desktop/More-Recipes/client/src/actions/actionTypes.js": {"path":"/Users/nkoyoating/Desktop/More-Recipes/client/src/actions/actionTypes.js","statementMap":{"0":{"start":{"line":1,"column":28},"end":{"line":1,"column":42}},"1":{"start":{"line":2,"column":30},"end":{"line":2,"column":46}},"2":{"start":{"line":4,"column":28},"end":{"line":4,"column":42}},"3":{"start":{"line":5,"column":26},"end":{"line":5,"column":38}},"4":{"start":{"line":6,"column":28},"end":{"line":6,"column":42}},"5":{"start":{"line":7,"column":24},"end":{"line":7,"column":35}},"6":{"start":{"line":9,"column":34},"end":{"line":9,"column":54}},"7":{"start":{"line":10,"column":36},"end":{"line":10,"column":58}},"8":{"start":{"line":12,"column":34},"end":{"line":12,"column":54}},"9":{"start":{"line":13,"column":37},"end":{"line":13,"column":60}},"10":{"start":{"line":14,"column":35},"end":{"line":14,"column":56}},"11":{"start":{"line":16,"column":27},"end":{"line":16,"column":40}},"12":{"start":{"line":17,"column":29},"end":{"line":17,"column":44}},"13":{"start":{"line":19,"column":36},"end":{"line":19,"column":58}},"14":{"start":{"line":20,"column":42},"end":{"line":20,"column":70}},"15":{"start":{"line":22,"column":38},"end":{"line":22,"column":62}},"16":{"start":{"line":23,"column":44},"end":{"line":23,"column":74}},"17":{"start":{"line":25,"column":26},"end":{"line":25,"column":38}},"18":{"start":{"line":26,"column":32},"end":{"line":26,"column":50}},"19":{"start":{"line":28,"column":29},"end":{"line":28,"column":44}},"20":{"start":{"line":29,"column":35},"end":{"line":29,"column":56}},"21":{"start":{"line":31,"column":26},"end":{"line":31,"column":38}},"22":{"start":{"line":32,"column":32},"end":{"line":32,"column":50}}},"fnMap":{},"branchMap":{},"s":{"0":3,"1":3,"2":3,"3":3,"4":3,"5":3,"6":3,"7":3,"8":3,"9":3,"10":3,"11":3,"12":3,"13":3,"14":3,"15":3,"16":3,"17":3,"18":3,"19":3,"20":3,"21":3,"22":3},"f":{},"b":{},"_coverageSchema":"332fd63041d2c1bcb487cc26dd0d5f7d97098a6c","hash":"34170bac571c906a4015c2f3eb221efc8eae1e73"}
,"/Users/nkoyoating/Desktop/More-Recipes/client/src/actions/fetching.js": {"path":"/Users/nkoyoating/Desktop/More-Recipes/client/src/actions/fetching.js","statementMap":{"0":{"start":{"line":4,"column":27},"end":{"line":6,"column":2}},"1":{"start":{"line":4,"column":34},"end":{"line":6,"column":1}},"2":{"start":{"line":8,"column":29},"end":{"line":10,"column":2}},"3":{"start":{"line":8,"column":36},"end":{"line":10,"column":1}}},"fnMap":{"0":{"name":"(anonymous_0)","decl":{"start":{"line":4,"column":27},"end":{"line":4,"column":28}},"loc":{"start":{"line":4,"column":34},"end":{"line":6,"column":1}},"line":4},"1":{"name":"(anonymous_1)","decl":{"start":{"line":8,"column":29},"end":{"line":8,"column":30}},"loc":{"start":{"line":8,"column":36},"end":{"line":10,"column":1}},"line":8}},"branchMap":{},"s":{"0":2,"1":0,"2":2,"3":0},"f":{"0":0,"1":0},"b":{},"_coverageSchema":"332fd63041d2c1bcb487cc26dd0d5f7d97098a6c","hash":"2a10a83b86f2315d12a4b68096717a46211181ac"}
,"/Users/nkoyoating/Desktop/More-Recipes/client/src/actions/recipes.js": {"path":"/Users/nkoyoating/Desktop/More-Recipes/client/src/actions/recipes.js","statementMap":{"0":{"start":{"line":6,"column":26},"end":{"line":9,"column":2}},"1":{"start":{"line":6,"column":41},"end":{"line":9,"column":1}},"2":{"start":{"line":12,"column":24},"end":{"line":23,"column":1}},"3":{"start":{"line":12,"column":30},"end":{"line":23,"column":1}},"4":{"start":{"line":13,"column":2},"end":{"line":13,"column":26}},"5":{"start":{"line":14,"column":2},"end":{"line":22,"column":7}},"6":{"start":{"line":16,"column":25},"end":{"line":16,"column":46}},"7":{"start":{"line":17,"column":6},"end":{"line":17,"column":39}},"8":{"start":{"line":18,"column":6},"end":{"line":18,"column":32}},"9":{"start":{"line":20,"column":6},"end":{"line":20,"column":68}},"10":{"start":{"line":21,"column":6},"end":{"line":21,"column":32}}},"fnMap":{"0":{"name":"(anonymous_0)","decl":{"start":{"line":6,"column":26},"end":{"line":6,"column":27}},"loc":{"start":{"line":6,"column":41},"end":{"line":9,"column":1}},"line":6},"1":{"name":"(anonymous_1)","decl":{"start":{"line":12,"column":24},"end":{"line":12,"column":25}},"loc":{"start":{"line":12,"column":30},"end":{"line":23,"column":1}},"line":12},"2":{"name":"(anonymous_2)","decl":{"start":{"line":12,"column":30},"end":{"line":12,"column":31}},"loc":{"start":{"line":12,"column":44},"end":{"line":23,"column":1}},"line":12},"3":{"name":"(anonymous_3)","decl":{"start":{"line":15,"column":10},"end":{"line":15,"column":11}},"loc":{"start":{"line":15,"column":24},"end":{"line":19,"column":5}},"line":15},"4":{"name":"(anonymous_4)","decl":{"start":{"line":19,"column":13},"end":{"line":19,"column":14}},"loc":{"start":{"line":19,"column":24},"end":{"line":22,"column":5}},"line":19}},"branchMap":{},"s":{"0":1,"1":0,"2":1,"3":0,"4":0,"5":0,"6":0,"7":0,"8":0,"9":0,"10":0},"f":{"0":0,"1":0,"2":0,"3":0,"4":0},"b":{},"_coverageSchema":"332fd63041d2c1bcb487cc26dd0d5f7d97098a6c","hash":"492702907c649d3c925574824dca14a4a8c1e74f"}
,"/Users/nkoyoating/Desktop/More-Recipes/client/src/actions/signout.js": {"path":"/Users/nkoyoating/Desktop/More-Recipes/client/src/actions/signout.js","statementMap":{"0":{"start":{"line":5,"column":16},"end":{"line":7,"column":2}},"1":{"start":{"line":5,"column":23},"end":{"line":7,"column":1}},"2":{"start":{"line":9,"column":20},"end":{"line":19,"column":1}},"3":{"start":{"line":9,"column":26},"end":{"line":19,"column":1}},"4":{"start":{"line":10,"column":2},"end":{"line":10,"column":35}},"5":{"start":{"line":11,"column":2},"end":{"line":11,"column":22}},"6":{"start":{"line":12,"column":2},"end":{"line":17,"column":4}},"7":{"start":{"line":18,"column":2},"end":{"line":18,"column":43}}},"fnMap":{"0":{"name":"(anonymous_0)","decl":{"start":{"line":5,"column":16},"end":{"line":5,"column":17}},"loc":{"start":{"line":5,"column":23},"end":{"line":7,"column":1}},"line":5},"1":{"name":"(anonymous_1)","decl":{"start":{"line":9,"column":20},"end":{"line":9,"column":21}},"loc":{"start":{"line":9,"column":26},"end":{"line":19,"column":1}},"line":9},"2":{"name":"(anonymous_2)","decl":{"start":{"line":9,"column":26},"end":{"line":9,"column":27}},"loc":{"start":{"line":9,"column":38},"end":{"line":19,"column":1}},"line":9}},"branchMap":{},"s":{"0":1,"1":0,"2":1,"3":0,"4":0,"5":0,"6":0,"7":0},"f":{"0":0,"1":0,"2":0},"b":{},"_coverageSchema":"332fd63041d2c1bcb487cc26dd0d5f7d97098a6c","hash":"2b8f38ff91bc23a69a057872fec361bbeb9e12e1"}
,"/Users/nkoyoating/Desktop/More-Recipes/client/src/actions/userSignIn.js": {"path":"/Users/nkoyoating/Desktop/More-Recipes/client/src/actions/userSignIn.js","statementMap":{"0":{"start":{"line":6,"column":23},"end":{"line":11,"column":2}},"1":{"start":{"line":6,"column":41},"end":{"line":11,"column":1}},"2":{"start":{"line":13,"column":25},"end":{"line":17,"column":2}},"3":{"start":{"line":13,"column":37},"end":{"line":17,"column":1}},"4":{"start":{"line":20,"column":24},"end":{"line":33,"column":1}},"5":{"start":{"line":20,"column":36},"end":{"line":33,"column":1}},"6":{"start":{"line":21,"column":2},"end":{"line":21,"column":26}},"7":{"start":{"line":22,"column":2},"end":{"line":32,"column":7}},"8":{"start":{"line":24,"column":30},"end":{"line":24,"column":43}},"9":{"start":{"line":25,"column":6},"end":{"line":25,"column":43}},"10":{"start":{"line":26,"column":6},"end":{"line":26,"column":37}},"11":{"start":{"line":27,"column":6},"end":{"line":27,"column":32}},"12":{"start":{"line":29,"column":26},"end":{"line":29,"column":45}},"13":{"start":{"line":30,"column":6},"end":{"line":30,"column":35}},"14":{"start":{"line":31,"column":6},"end":{"line":31,"column":32}}},"fnMap":{"0":{"name":"(anonymous_0)","decl":{"start":{"line":6,"column":23},"end":{"line":6,"column":24}},"loc":{"start":{"line":6,"column":41},"end":{"line":11,"column":1}},"line":6},"1":{"name":"(anonymous_1)","decl":{"start":{"line":13,"column":25},"end":{"line":13,"column":26}},"loc":{"start":{"line":13,"column":37},"end":{"line":17,"column":1}},"line":13},"2":{"name":"(anonymous_2)","decl":{"start":{"line":20,"column":24},"end":{"line":20,"column":25}},"loc":{"start":{"line":20,"column":36},"end":{"line":33,"column":1}},"line":20},"3":{"name":"(anonymous_3)","decl":{"start":{"line":20,"column":36},"end":{"line":20,"column":37}},"loc":{"start":{"line":20,"column":50},"end":{"line":33,"column":1}},"line":20},"4":{"name":"(anonymous_4)","decl":{"start":{"line":23,"column":10},"end":{"line":23,"column":11}},"loc":{"start":{"line":23,"column":24},"end":{"line":28,"column":5}},"line":23},"5":{"name":"(anonymous_5)","decl":{"start":{"line":28,"column":13},"end":{"line":28,"column":14}},"loc":{"start":{"line":28,"column":24},"end":{"line":32,"column":5}},"line":28}},"branchMap":{},"s":{"0":1,"1":0,"2":1,"3":0,"4":1,"5":0,"6":0,"7":0,"8":0,"9":0,"10":0,"11":0,"12":0,"13":0,"14":0},"f":{"0":0,"1":0,"2":0,"3":0,"4":0,"5":0},"b":{},"_coverageSchema":"332fd63041d2c1bcb487cc26dd0d5f7d97098a6c","hash":"dee5bd238a908db6ff36f97e567a0692f5546550"}
,"/Users/nkoyoating/Desktop/More-Recipes/client/src/components/Footer.jsx": {"path":"/Users/nkoyoating/Desktop/More-Recipes/client/src/components/Footer.jsx","statementMap":{"0":{"start":{"line":3,"column":15},"end":{"line":22,"column":1}},"1":{"start":{"line":4,"column":2},"end":{"line":21,"column":11}}},"fnMap":{"0":{"name":"(anonymous_0)","decl":{"start":{"line":3,"column":15},"end":{"line":3,"column":16}},"loc":{"start":{"line":4,"column":2},"end":{"line":21,"column":11}},"line":4}},"branchMap":{},"s":{"0":1,"1":1},"f":{"0":1},"b":{},"_coverageSchema":"332fd63041d2c1bcb487cc26dd0d5f7d97098a6c","hash":"28dbff55072d8287d09ee1591078777e5d58cfbf"}
,"/Users/nkoyoating/Desktop/More-Recipes/client/src/components/Header.jsx": {"path":"/Users/nkoyoating/Desktop/More-Recipes/client/src/components/Header.jsx","statementMap":{"0":{"start":{"line":12,"column":15},"end":{"line":65,"column":1}},"1":{"start":{"line":13,"column":2},"end":{"line":64,"column":11}},"2":{"start":{"line":50,"column":35},"end":{"line":50,"column":55}},"3":{"start":{"line":67,"column":0},"end":{"line":70,"column":2}},"4":{"start":{"line":73,"column":24},"end":{"line":75,"column":2}},"5":{"start":{"line":73,"column":34},"end":{"line":75,"column":1}},"6":{"start":{"line":77,"column":27},"end":{"line":81,"column":2}},"7":{"start":{"line":77,"column":40},"end":{"line":81,"column":1}},"8":{"start":{"line":79,"column":4},"end":{"line":79,"column":28}}},"fnMap":{"0":{"name":"(anonymous_0)","decl":{"start":{"line":12,"column":15},"end":{"line":12,"column":16}},"loc":{"start":{"line":13,"column":2},"end":{"line":64,"column":11}},"line":13},"1":{"name":"(anonymous_1)","decl":{"start":{"line":50,"column":27},"end":{"line":50,"column":28}},"loc":{"start":{"line":50,"column":33},"end":{"line":50,"column":57}},"line":50},"2":{"name":"(anonymous_2)","decl":{"start":{"line":73,"column":24},"end":{"line":73,"column":25}},"loc":{"start":{"line":73,"column":34},"end":{"line":75,"column":1}},"line":73},"3":{"name":"(anonymous_3)","decl":{"start":{"line":77,"column":27},"end":{"line":77,"column":28}},"loc":{"start":{"line":77,"column":40},"end":{"line":81,"column":1}},"line":77},"4":{"name":"(anonymous_4)","decl":{"start":{"line":78,"column":15},"end":{"line":78,"column":16}},"loc":{"start":{"line":78,"column":21},"end":{"line":80,"column":3}},"line":78}},"branchMap":{"0":{"loc":{"start":{"line":39,"column":12},"end":{"line":42,"column":19}},"type":"binary-expr","locations":[{"start":{"line":39,"column":12},"end":{"line":39,"column":31}},{"start":{"line":40,"column":14},"end":{"line":42,"column":19}}],"line":39},"1":{"loc":{"start":{"line":46,"column":12},"end":{"line":54,"column":19}},"type":"binary-expr","locations":[{"start":{"line":46,"column":12},"end":{"line":46,"column":31}},{"start":{"line":47,"column":14},"end":{"line":54,"column":19}}],"line":46},"2":{"loc":{"start":{"line":59,"column":10},"end":{"line":60,"column":22}},"type":"binary-expr","locations":[{"start":{"line":59,"column":10},"end":{"line":59,"column":30}},{"start":{"line":60,"column":12},"end":{"line":60,"column":22}}],"line":59}},"s":{"0":1,"1":1,"2":0,"3":1,"4":1,"5":2,"6":1,"7":2,"8":0},"f":{"0":1,"1":0,"2":2,"3":2,"4":0},"b":{"0":[1,1],"1":[1,1],"2":[1,0]},"_coverageSchema":"332fd63041d2c1bcb487cc26dd0d5f7d97098a6c","hash":"1a0a17bef017143ad9902c07f43818eaff061581"}
,"/Users/nkoyoating/Desktop/More-Recipes/client/src/components/RecipeGallery.jsx": {"path":"/Users/nkoyoating/Desktop/More-Recipes/client/src/components/RecipeGallery.jsx","statementMap":{"0":{"start":{"line":8,"column":22},"end":{"line":23,"column":1}},"1":{"start":{"line":9,"column":2},"end":{"line":22,"column":8}},"2":{"start":{"line":25,"column":0},"end":{"line":29,"column":2}}},"fnMap":{"0":{"name":"(anonymous_0)","decl":{"start":{"line":8,"column":22},"end":{"line":8,"column":23}},"loc":{"start":{"line":9,"column":2},"end":{"line":22,"column":8}},"line":9}},"branchMap":{},"s":{"0":1,"1":2,"2":1},"f":{"0":2},"b":{},"_coverageSchema":"332fd63041d2c1bcb487cc26dd0d5f7d97098a6c","hash":"86bd3504d0444a796bf33ea6a945ccdef971194f"}
,"/Users/nkoyoating/Desktop/More-Recipes/client/src/components/Recipes.jsx": {"path":"/Users/nkoyoating/Desktop/More-Recipes/client/src/components/Recipes.jsx","statementMap":{"0":{"start":{"line":24,"column":4},"end":{"line":24,"column":33}},"1":{"start":{"line":33,"column":20},"end":{"line":33,"column":70}},"2":{"start":{"line":35,"column":23},"end":{"line":39,"column":6}},"3":{"start":{"line":36,"column":6},"end":{"line":38,"column":12}},"4":{"start":{"line":41,"column":4},"end":{"line":45,"column":6}},"5":{"start":{"line":49,"column":0},"end":{"line":52,"column":2}},"6":{"start":{"line":54,"column":24},"end":{"line":56,"column":2}},"7":{"start":{"line":54,"column":34},"end":{"line":56,"column":1}}},"fnMap":{"0":{"name":"(anonymous_0)","decl":{"start":{"line":23,"column":2},"end":{"line":23,"column":3}},"loc":{"start":{"line":23,"column":23},"end":{"line":25,"column":3}},"line":23},"1":{"name":"(anonymous_1)","decl":{"start":{"line":32,"column":2},"end":{"line":32,"column":3}},"loc":{"start":{"line":32,"column":11},"end":{"line":46,"column":3}},"line":32},"2":{"name":"(anonymous_2)","decl":{"start":{"line":35,"column":35},"end":{"line":35,"column":36}},"loc":{"start":{"line":36,"column":6},"end":{"line":38,"column":12}},"line":36},"3":{"name":"(anonymous_3)","decl":{"start":{"line":54,"column":24},"end":{"line":54,"column":25}},"loc":{"start":{"line":54,"column":34},"end":{"line":56,"column":1}},"line":54}},"branchMap":{"0":{"loc":{"start":{"line":33,"column":20},"end":{"line":33,"column":70}},"type":"cond-expr","locations":[{"start":{"line":33,"column":44},"end":{"line":33,"column":65}},{"start":{"line":33,"column":68},"end":{"line":33,"column":70}}],"line":33}},"s":{"0":3,"1":3,"2":3,"3":2,"4":3,"5":1,"6":1,"7":0},"f":{"0":3,"1":3,"2":2,"3":0},"b":{"0":[3,0]},"_coverageSchema":"332fd63041d2c1bcb487cc26dd0d5f7d97098a6c","hash":"db5550c189bd9e622e70334a973463ba4574ffca"}
,"/Users/nkoyoating/Desktop/More-Recipes/client/src/components/Signin.jsx": {"path":"/Users/nkoyoating/Desktop/More-Recipes/client/src/components/Signin.jsx","statementMap":{"0":{"start":{"line":25,"column":4},"end":{"line":25,"column":17}},"1":{"start":{"line":26,"column":4},"end":{"line":30,"column":6}},"2":{"start":{"line":31,"column":4},"end":{"line":31,"column":45}},"3":{"start":{"line":32,"column":4},"end":{"line":32,"column":45}},"4":{"start":{"line":41,"column":4},"end":{"line":41,"column":63}},"5":{"start":{"line":50,"column":32},"end":{"line":50,"column":59}},"6":{"start":{"line":51,"column":4},"end":{"line":53,"column":5}},"7":{"start":{"line":52,"column":6},"end":{"line":52,"column":32}},"8":{"start":{"line":54,"column":4},"end":{"line":54,"column":19}},"9":{"start":{"line":65,"column":4},"end":{"line":65,"column":27}},"10":{"start":{"line":66,"column":20},"end":{"line":66,"column":34}},"11":{"start":{"line":67,"column":4},"end":{"line":69,"column":5}},"12":{"start":{"line":68,"column":6},"end":{"line":68,"column":40}},"13":{"start":{"line":79,"column":23},"end":{"line":79,"column":33}},"14":{"start":{"line":82,"column":4},"end":{"line":86,"column":5}},"15":{"start":{"line":83,"column":6},"end":{"line":85,"column":8}},"16":{"start":{"line":87,"column":4},"end":{"line":125,"column":6}},"17":{"start":{"line":129,"column":0},"end":{"line":132,"column":2}},"18":{"start":{"line":134,"column":0},"end":{"line":136,"column":2}},"19":{"start":{"line":138,"column":27},"end":{"line":142,"column":2}},"20":{"start":{"line":138,"column":40},"end":{"line":142,"column":1}},"21":{"start":{"line":140,"column":4},"end":{"line":140,"column":43}},"22":{"start":{"line":144,"column":24},"end":{"line":146,"column":2}},"23":{"start":{"line":144,"column":34},"end":{"line":146,"column":1}}},"fnMap":{"0":{"name":"(anonymous_0)","decl":{"start":{"line":24,"column":2},"end":{"line":24,"column":3}},"loc":{"start":{"line":24,"column":21},"end":{"line":33,"column":3}},"line":24},"1":{"name":"(anonymous_1)","decl":{"start":{"line":40,"column":2},"end":{"line":40,"column":3}},"loc":{"start":{"line":40,"column":18},"end":{"line":42,"column":3}},"line":40},"2":{"name":"(anonymous_2)","decl":{"start":{"line":49,"column":2},"end":{"line":49,"column":3}},"loc":{"start":{"line":49,"column":12},"end":{"line":55,"column":3}},"line":49},"3":{"name":"(anonymous_3)","decl":{"start":{"line":64,"column":2},"end":{"line":64,"column":3}},"loc":{"start":{"line":64,"column":18},"end":{"line":70,"column":3}},"line":64},"4":{"name":"(anonymous_4)","decl":{"start":{"line":78,"column":2},"end":{"line":78,"column":3}},"loc":{"start":{"line":78,"column":11},"end":{"line":126,"column":3}},"line":78},"5":{"name":"(anonymous_5)","decl":{"start":{"line":138,"column":27},"end":{"line":138,"column":28}},"loc":{"start":{"line":138,"column":40},"end":{"line":142,"column":1}},"line":138},"6":{"name":"(anonymous_6)","decl":{"start":{"line":139,"column":14},"end":{"line":139,"column":15}},"loc":{"start":{"line":139,"column":31},"end":{"line":141,"column":3}},"line":139},"7":{"name":"(anonymous_7)","decl":{"start":{"line":144,"column":24},"end":{"line":144,"column":25}},"loc":{"start":{"line":144,"column":34},"end":{"line":146,"column":1}},"line":144}},"branchMap":{"0":{"loc":{"start":{"line":51,"column":4},"end":{"line":53,"column":5}},"type":"if","locations":[{"start":{"line":51,"column":4},"end":{"line":53,"column":5}},{"start":{"line":51,"column":4},"end":{"line":53,"column":5}}],"line":51},"1":{"loc":{"start":{"line":67,"column":4},"end":{"line":69,"column":5}},"type":"if","locations":[{"start":{"line":67,"column":4},"end":{"line":69,"column":5}},{"start":{"line":67,"column":4},"end":{"line":69,"column":5}}],"line":67},"2":{"loc":{"start":{"line":82,"column":4},"end":{"line":86,"column":5}},"type":"if","locations":[{"start":{"line":82,"column":4},"end":{"line":86,"column":5}},{"start":{"line":82,"column":4},"end":{"line":86,"column":5}}],"line":82},"3":{"loc":{"start":{"line":99,"column":14},"end":{"line":102,"column":19}},"type":"binary-expr","locations":[{"start":{"line":99,"column":14},"end":{"line":99,"column":26}},{"start":{"line":100,"column":12},"end":{"line":102,"column":19}}],"line":99},"4":{"loc":{"start":{"line":112,"column":14},"end":{"line":115,"column":21}},"type":"binary-expr","locations":[{"start":{"line":112,"column":14},"end":{"line":112,"column":29}},{"start":{"line":113,"column":14},"end":{"line":115,"column":21}}],"line":112}},"s":{"0":0,"1":0,"2":0,"3":0,"4":0,"5":0,"6":0,"7":0,"8":0,"9":0,"10":0,"11":0,"12":0,"13":0,"14":0,"15":0,"16":0,"17":1,"18":1,"19":1,"20":0,"21":0,"22":1,"23":0},"f":{"0":0,"1":0,"2":0,"3":0,"4":0,"5":0,"6":0,"7":0},"b":{"0":[0,0],"1":[0,0],"2":[0,0],"3":[0,0],"4":[0,0]},"_coverageSchema":"332fd63041d2c1bcb487cc26dd0d5f7d97098a6c","hash":"2e5eba57902e4612a9d1fbeb197e99f3d055a9c2"}
,"/Users/nkoyoating/Desktop/More-Recipes/client/src/reducers/auth.js": {"path":"/Users/nkoyoating/Desktop/More-Recipes/client/src/reducers/auth.js","statementMap":{"0":{"start":{"line":7,"column":21},"end":{"line":9,"column":1}},"1":{"start":{"line":11,"column":13},"end":{"line":45,"column":1}},"2":{"start":{"line":12,"column":2},"end":{"line":44,"column":3}},"3":{"start":{"line":14,"column":4},"end":{"line":20,"column":6}},"4":{"start":{"line":22,"column":4},"end":{"line":26,"column":6}},"5":{"start":{"line":28,"column":4},"end":{"line":34,"column":6}},"6":{"start":{"line":36,"column":4},"end":{"line":41,"column":6}},"7":{"start":{"line":43,"column":4},"end":{"line":43,"column":17}}},"fnMap":{"0":{"name":"(anonymous_0)","decl":{"start":{"line":11,"column":13},"end":{"line":11,"column":14}},"loc":{"start":{"line":11,"column":47},"end":{"line":45,"column":1}},"line":11}},"branchMap":{"0":{"loc":{"start":{"line":11,"column":14},"end":{"line":11,"column":34}},"type":"default-arg","locations":[{"start":{"line":11,"column":22},"end":{"line":11,"column":34}}],"line":11},"1":{"loc":{"start":{"line":12,"column":2},"end":{"line":44,"column":3}},"type":"switch","locations":[{"start":{"line":13,"column":2},"end":{"line":20,"column":6}},{"start":{"line":21,"column":2},"end":{"line":26,"column":6}},{"start":{"line":27,"column":2},"end":{"line":34,"column":6}},{"start":{"line":35,"column":2},"end":{"line":41,"column":6}},{"start":{"line":42,"column":2},"end":{"line":43,"column":17}}],"line":12}},"s":{"0":1,"1":1,"2":1,"3":0,"4":0,"5":0,"6":0,"7":1},"f":{"0":1},"b":{"0":[1],"1":[0,0,0,0,1]},"_coverageSchema":"332fd63041d2c1bcb487cc26dd0d5f7d97098a6c","hash":"d056a48601ef191f4be8a08f67de2b79040f0c0a"}
,"/Users/nkoyoating/Desktop/More-Recipes/client/src/validation/signinValidator.js": {"path":"/Users/nkoyoating/Desktop/More-Recipes/client/src/validation/signinValidator.js","statementMap":{"0":{"start":{"line":4,"column":24},"end":{"line":17,"column":1}},"1":{"start":{"line":5,"column":17},"end":{"line":5,"column":19}},"2":{"start":{"line":6,"column":2},"end":{"line":8,"column":3}},"3":{"start":{"line":7,"column":4},"end":{"line":7,"column":39}},"4":{"start":{"line":10,"column":2},"end":{"line":12,"column":3}},"5":{"start":{"line":11,"column":4},"end":{"line":11,"column":45}},"6":{"start":{"line":13,"column":2},"end":{"line":16,"column":4}}},"fnMap":{"0":{"name":"(anonymous_0)","decl":{"start":{"line":4,"column":24},"end":{"line":4,"column":25}},"loc":{"start":{"line":4,"column":34},"end":{"line":17,"column":1}},"line":4}},"branchMap":{"0":{"loc":{"start":{"line":6,"column":2},"end":{"line":8,"column":3}},"type":"if","locations":[{"start":{"line":6,"column":2},"end":{"line":8,"column":3}},{"start":{"line":6,"column":2},"end":{"line":8,"column":3}}],"line":6},"1":{"loc":{"start":{"line":10,"column":2},"end":{"line":12,"column":3}},"type":"if","locations":[{"start":{"line":10,"column":2},"end":{"line":12,"column":3}},{"start":{"line":10,"column":2},"end":{"line":12,"column":3}}],"line":10}},"s":{"0":1,"1":0,"2":0,"3":0,"4":0,"5":0,"6":0},"f":{"0":0},"b":{"0":[0,0],"1":[0,0]},"_coverageSchema":"332fd63041d2c1bcb487cc26dd0d5f7d97098a6c","hash":"5bbe9200f021e7783695fe9e17fa8ae454e660e6"}
}
