TN:
SF:/Users/nkoyoating/Desktop/More-Recipes/client/src/actions/actionTypes.js
FNF:0
FNH:0
DA:1,3
DA:2,3
DA:4,3
DA:5,3
DA:6,3
DA:7,3
DA:9,3
DA:10,3
DA:12,3
DA:13,3
DA:14,3
DA:16,3
DA:17,3
DA:19,3
DA:20,3
DA:22,3
DA:23,3
DA:25,3
DA:26,3
DA:28,3
DA:29,3
DA:31,3
DA:32,3
LF:23
LH:23
BRF:0
BRH:0
end_of_record
TN:
SF:/Users/nkoyoating/Desktop/More-Recipes/client/src/actions/fetching.js
FN:4,(anonymous_0)
FN:8,(anonymous_1)
FNF:2
FNH:0
FNDA:0,(anonymous_0)
FNDA:0,(anonymous_1)
DA:4,2
DA:8,2
LF:2
LH:2
BRF:0
BRH:0
end_of_record
TN:
SF:/Users/nkoyoating/Desktop/More-Recipes/client/src/actions/recipes.js
FN:6,(anonymous_0)
FN:12,(anonymous_1)
FN:12,(anonymous_2)
FN:15,(anonymous_3)
FN:19,(anonymous_4)
FNF:5
FNH:0
FNDA:0,(anonymous_0)
FNDA:0,(anonymous_1)
FNDA:0,(anonymous_2)
FNDA:0,(anonymous_3)
FNDA:0,(anonymous_4)
DA:6,1
DA:12,1
DA:13,0
DA:14,0
DA:16,0
DA:17,0
DA:18,0
DA:20,0
DA:21,0
LF:9
LH:2
BRF:0
BRH:0
end_of_record
TN:
SF:/Users/nkoyoating/Desktop/More-Recipes/client/src/actions/signout.js
FN:5,(anonymous_0)
FN:9,(anonymous_1)
FN:9,(anonymous_2)
FNF:3
FNH:0
FNDA:0,(anonymous_0)
FNDA:0,(anonymous_1)
FNDA:0,(anonymous_2)
DA:5,1
DA:9,1
DA:10,0
DA:11,0
DA:12,0
DA:18,0
LF:6
LH:2
BRF:0
BRH:0
end_of_record
TN:
SF:/Users/nkoyoating/Desktop/More-Recipes/client/src/actions/userSignIn.js
FN:6,(anonymous_0)
FN:13,(anonymous_1)
FN:20,(anonymous_2)
FN:20,(anonymous_3)
FN:23,(anonymous_4)
FN:28,(anonymous_5)
FNF:6
FNH:0
FNDA:0,(anonymous_0)
FNDA:0,(anonymous_1)
FNDA:0,(anonymous_2)
FNDA:0,(anonymous_3)
FNDA:0,(anonymous_4)
FNDA:0,(anonymous_5)
DA:6,1
DA:13,1
DA:20,1
DA:21,0
DA:22,0
DA:24,0
DA:25,0
DA:26,0
DA:27,0
DA:29,0
DA:30,0
DA:31,0
LF:12
LH:3
BRF:0
BRH:0
end_of_record
TN:
SF:/Users/nkoyoating/Desktop/More-Recipes/client/src/components/Footer.jsx
FN:3,(anonymous_0)
FNF:1
FNH:1
FNDA:1,(anonymous_0)
DA:3,1
DA:4,1
LF:2
LH:2
BRF:0
BRH:0
end_of_record
TN:
SF:/Users/nkoyoating/Desktop/More-Recipes/client/src/components/Header.jsx
FN:12,(anonymous_0)
FN:50,(anonymous_1)
FN:73,(anonymous_2)
FN:77,(anonymous_3)
FN:78,(anonymous_4)
FNF:5
FNH:3
FNDA:1,(anonymous_0)
FNDA:0,(anonymous_1)
FNDA:2,(anonymous_2)
FNDA:2,(anonymous_3)
FNDA:0,(anonymous_4)
DA:12,1
DA:13,1
DA:50,0
DA:67,1
DA:73,2
DA:77,2
DA:79,0
LF:7
LH:5
BRDA:39,0,0,1
BRDA:39,0,1,1
BRDA:46,1,0,1
BRDA:46,1,1,1
BRDA:59,2,0,1
BRDA:59,2,1,0
BRF:6
BRH:5
end_of_record
TN:
SF:/Users/nkoyoating/Desktop/More-Recipes/client/src/components/RecipeGallery.jsx
FN:8,(anonymous_0)
FNF:1
FNH:1
FNDA:2,(anonymous_0)
DA:8,1
DA:9,2
DA:25,1
LF:3
LH:3
BRF:0
BRH:0
end_of_record
TN:
SF:/Users/nkoyoating/Desktop/More-Recipes/client/src/components/Recipes.jsx
FN:23,(anonymous_0)
FN:32,(anonymous_1)
FN:35,(anonymous_2)
FN:54,(anonymous_3)
FNF:4
FNH:3
FNDA:3,(anonymous_0)
FNDA:3,(anonymous_1)
FNDA:2,(anonymous_2)
FNDA:0,(anonymous_3)
DA:24,3
DA:33,3
DA:35,3
DA:36,2
DA:41,3
DA:49,1
DA:54,1
LF:7
LH:7
BRDA:33,0,0,3
BRDA:33,0,1,0
BRF:2
BRH:1
end_of_record
TN:
SF:/Users/nkoyoating/Desktop/More-Recipes/client/src/components/Signin.jsx
FN:24,(anonymous_0)
FN:40,(anonymous_1)
FN:49,(anonymous_2)
FN:64,(anonymous_3)
FN:78,(anonymous_4)
FN:138,(anonymous_5)
FN:139,(anonymous_6)
FN:144,(anonymous_7)
FNF:8
FNH:0
FNDA:0,(anonymous_0)
FNDA:0,(anonymous_1)
FNDA:0,(anonymous_2)
FNDA:0,(anonymous_3)
FNDA:0,(anonymous_4)
FNDA:0,(anonymous_5)
FNDA:0,(anonymous_6)
FNDA:0,(anonymous_7)
DA:25,0
DA:26,0
DA:31,0
DA:32,0
DA:41,0
DA:50,0
DA:51,0
DA:52,0
DA:54,0
DA:65,0
DA:66,0
DA:67,0
DA:68,0
DA:79,0
DA:82,0
DA:83,0
DA:87,0
DA:129,1
DA:134,1
DA:138,1
DA:140,0
DA:144,1
LF:22
LH:4
BRDA:51,0,0,0
BRDA:51,0,1,0
BRDA:67,1,0,0
BRDA:67,1,1,0
BRDA:82,2,0,0
BRDA:82,2,1,0
BRDA:99,3,0,0
BRDA:99,3,1,0
BRDA:112,4,0,0
BRDA:112,4,1,0
BRF:10
BRH:0
end_of_record
TN:
SF:/Users/nkoyoating/Desktop/More-Recipes/client/src/reducers/auth.js
FN:11,(anonymous_0)
FNF:1
FNH:1
FNDA:1,(anonymous_0)
DA:7,1
DA:11,1
DA:12,1
DA:14,0
DA:22,0
DA:28,0
DA:36,0
DA:43,1
LF:8
LH:4
BRDA:11,0,0,1
BRDA:12,1,0,0
BRDA:12,1,1,0
BRDA:12,1,2,0
BRDA:12,1,3,0
BRDA:12,1,4,1
BRF:6
BRH:2
end_of_record
TN:
SF:/Users/nkoyoating/Desktop/More-Recipes/client/src/validation/signinValidator.js
FN:4,(anonymous_0)
FNF:1
FNH:0
FNDA:0,(anonymous_0)
DA:4,1
DA:5,0
DA:6,0
DA:7,0
DA:10,0
DA:11,0
DA:13,0
LF:7
LH:1
BRDA:6,0,0,0
BRDA:6,0,1,0
BRDA:10,1,0,0
BRDA:10,1,1,0
BRF:4
BRH:0
end_of_record
